2018-01-19 10:11:30,827 / MainWindow / INFO / 姓名:,收入\支出（1：支出，2：收入）:1
2018-01-19 10:11:33,163 / MainWindow / INFO / 姓名:,收入\支出（1：支出，2：收入）:2
2018-01-19 10:15:07,617 / MainWindow / INFO / 姓名:,收入\支出（1：支出，2：收入）:
2018-01-19 10:15:40,577 / MainWindow / INFO / 姓名:,收入\支出（1：支出，2：收入）:支出
2018-01-19 10:18:50,424 / MainWindow / INFO / 姓名:,收入\支出（1：支出，2：收入）:支出
2018-01-19 10:19:42,519 / MainWindow / INFO / 姓名:,收入\支出（1：支出，2：收入）:支出
2018-01-19 10:19:49,167 / MainWindow / INFO / 姓名:,收入\支出（1：支出，2：收入）:收入
2018-01-19 10:19:54,558 / MainWindow / INFO / 姓名:,收入\支出（1：支出，2：收入）:支出
2018-01-19 10:33:48,098 / MainWindow / INFO / 姓名:,收入\支出（1：支出，2：收入）:1
2018-01-19 10:36:06,720 / MainWindow / INFO / 姓名:,收入\支出（1：支出，2：收入）:1
2018-01-19 10:37:14,824 / MainWindow / INFO / 姓名:,收支:1，时间：2017-1-1~2017-1-3
2018-01-19 10:38:12,775 / MainWindow / INFO / 姓名:,收支:1，时间：2017-1-1~2017-1-23
2018-01-19 10:41:21,870 / MainWindow / INFO / 姓名:,收支:1，时间：~
2018-01-19 10:47:15,395 / MainWindow / INFO / 姓名:,收支:支出，时间：~
2018-01-19 10:47:20,964 / MainWindow / INFO / 姓名:,收支:收入，时间：~
2018-01-19 10:50:58,274 / MainWindow / INFO / 姓名:,收支:支出，时间：~
2018-01-19 11:09:49,995 / MainWindow / INFO / 姓名:,收支:0，时间：~
2018-01-19 11:23:11,637 / MainWindow / INFO / 姓名:,收支:1，时间：~
2018-01-19 11:24:17,747 / MainWindow / INFO / 姓名:,收支:支出，时间：~
2018-01-19 11:24:25,380 / MainWindow / INFO / 姓名:,收支:收入，时间：~
2018-01-19 11:24:43,316 / MainWindow / INFO / 姓名:,收支:收入，时间：2017-1-1~
2018-01-19 11:25:08,955 / MainWindow / INFO / 姓名:张禹新,收支:收入，时间：2017-1-1~
2018-01-19 11:33:34,184 / MainWindow / INFO / 姓名:,收支:支出，时间：~
2018-01-19 11:33:59,465 / MainWindow / INFO / 姓名:,收支:支出，时间：~
2018-01-19 11:37:14,871 / MainWindow / INFO / 姓名:,收支:收入，时间：~
2018-01-19 11:38:03,134 / MainWindow / INFO / 姓名:,收支:支出，时间：~
2018-01-19 11:38:42,662 / MainWindow / INFO / 姓名:,收支:收入，时间：~
2018-01-19 11:42:50,108 / MainWindow / INFO / 姓名:,收支:收入，时间：~
2018-01-19 11:42:59,252 / MainWindow / INFO / 姓名:,收支:收入，时间：2017-1-1~2017-1031
2018-01-19 11:43:02,636 / MainWindow / INFO / 姓名:,收支:收入，时间：2017-1-1~2017-10-31
2018-01-19 11:43:13,611 / MainWindow / INFO / 姓名:,收支:支出，时间：2017-1-1~2017-10-31
2018-01-19 11:44:30,707 / MainWindow / INFO / 姓名:张禹新,收支:，时间：~
2018-01-19 11:44:33,435 / MainWindow / INFO / 姓名:张禹新,收支:收入，时间：~
2018-01-19 13:41:37,783 / MainWindow / INFO / 姓名:,收支:，时间：~
2018-01-19 13:41:38,822 / MainWindow / INFO / 姓名:,收支:，时间：~
