2018-01-19 09:28:44,918 / search_data / INFO / 准备查询数据
2018-01-19 09:28:44,918 / search_data / INFO / SELECT u.name ,p.payname,pay.product_name,pay.createtime,pay.money ,pay.shouzhi as '收支'       FROM user_info u,payment_info p, pay_info pay        WHERE u.id=pay.user_id AND p.id=pay.payment_id 
2018-01-19 09:28:45,036 / search_data / INFO / 查询完数据
2018-01-19 09:29:08,108 / search_data / INFO / 准备查询数据
2018-01-19 09:29:08,108 / search_data / INFO / 准备查询数据
2018-01-19 09:29:08,108 / search_data / INFO / SELECT u.name ,p.payname,pay.product_name,pay.createtime,pay.money ,pay.shouzhi as '收支'       FROM user_info u,payment_info p, pay_info pay        WHERE u.id=pay.user_id AND p.id=pay.payment_id 
2018-01-19 09:29:08,108 / search_data / INFO / SELECT u.name ,p.payname,pay.product_name,pay.createtime,pay.money ,pay.shouzhi as '收支'       FROM user_info u,payment_info p, pay_info pay        WHERE u.id=pay.user_id AND p.id=pay.payment_id 
2018-01-19 09:29:08,220 / search_data / INFO / 查询完数据
2018-01-19 09:29:08,220 / search_data / INFO / 查询完数据
2018-01-19 09:30:33,165 / search_data / INFO / 准备查询数据
2018-01-19 09:30:33,165 / search_data / INFO / SELECT u.name ,p.payname,pay.product_name,pay.createtime,pay.money ,pay.shouzhi as '收支'       FROM user_info u,payment_info p, pay_info pay        WHERE u.id=pay.user_id AND p.id=pay.payment_id 
2018-01-19 09:30:33,275 / search_data / INFO / 查询完数据
2018-01-19 09:30:36,224 / search_data / INFO / 准备查询数据
2018-01-19 09:30:36,224 / search_data / INFO / 准备查询数据
2018-01-19 09:30:36,224 / search_data / INFO / SELECT u.name ,p.payname,pay.product_name,pay.createtime,pay.money ,pay.shouzhi as '收支'       FROM user_info u,payment_info p, pay_info pay        WHERE u.id=pay.user_id AND p.id=pay.payment_id 
2018-01-19 09:30:36,224 / search_data / INFO / SELECT u.name ,p.payname,pay.product_name,pay.createtime,pay.money ,pay.shouzhi as '收支'       FROM user_info u,payment_info p, pay_info pay        WHERE u.id=pay.user_id AND p.id=pay.payment_id 
2018-01-19 09:30:36,334 / search_data / INFO / 查询完数据
2018-01-19 09:30:36,334 / search_data / INFO / 查询完数据
2018-01-19 09:32:49,462 / search_data / INFO / 准备查询数据
2018-01-19 09:32:49,462 / search_data / INFO / SELECT u.name ,p.payname,pay.product_name,pay.createtime,pay.money ,pay.shouzhi       FROM user_info u,payment_info p, pay_info pay        WHERE u.id=pay.user_id AND p.id=pay.payment_id 
2018-01-19 09:32:49,572 / search_data / INFO / 查询完数据
2018-01-19 09:32:52,582 / search_data / INFO / 准备查询数据
2018-01-19 09:32:52,582 / search_data / INFO / 准备查询数据
2018-01-19 09:32:52,583 / search_data / INFO / SELECT u.name ,p.payname,pay.product_name,pay.createtime,pay.money ,pay.shouzhi       FROM user_info u,payment_info p, pay_info pay        WHERE u.id=pay.user_id AND p.id=pay.payment_id 
2018-01-19 09:32:52,583 / search_data / INFO / SELECT u.name ,p.payname,pay.product_name,pay.createtime,pay.money ,pay.shouzhi       FROM user_info u,payment_info p, pay_info pay        WHERE u.id=pay.user_id AND p.id=pay.payment_id 
2018-01-19 09:32:52,703 / search_data / INFO / 查询完数据
2018-01-19 09:32:52,703 / search_data / INFO / 查询完数据
2018-01-19 09:48:44,339 / search_data / INFO / 准备查询数据
2018-01-19 09:48:44,360 / search_data / INFO / SELECT u.name ,p.payname,pay.product_name,pay.createtime,pay.money ,pay.shouzhi       FROM user_info u,payment_info p, pay_info pay        WHERE u.id=pay.user_id AND p.id=pay.payment_id and pay.paytime  <''
2018-01-19 09:49:34,962 / search_data / INFO / 准备查询数据
2018-01-19 09:49:34,962 / search_data / INFO / SELECT u.name ,p.payname,pay.product_name,pay.createtime,pay.money ,pay.shouzhi       FROM user_info u,payment_info p, pay_info pay        WHERE u.id=pay.user_id AND p.id=pay.payment_id and pay.pay_time  <''
2018-01-19 09:49:34,966 / search_data / INFO / 查询完数据
2018-01-19 09:51:06,478 / search_data / INFO / 准备查询数据
2018-01-19 09:51:06,478 / search_data / INFO / SELECT u.name ,p.payname,pay.product_name,pay.createtime,pay.money ,pay.shouzhi       FROM user_info u,payment_info p, pay_info pay        WHERE u.id=pay.user_id AND p.id=pay.payment_id and pay.pay_time  <''
2018-01-19 09:51:06,481 / search_data / INFO / 查询完数据
2018-01-19 09:54:27,096 / search_data / INFO / 准备查询数据
2018-01-19 09:54:27,096 / search_data / INFO / SELECT u.name ,p.payname,pay.product_name,pay.createtime,pay.money ,pay.shouzhi       FROM user_info u,payment_info p, pay_info pay        WHERE u.id=pay.user_id AND p.id=pay.payment_id 
2018-01-19 09:54:27,307 / search_data / INFO / 查询完数据
2018-01-19 09:54:39,112 / search_data / INFO / 准备查询数据
2018-01-19 09:54:39,112 / search_data / INFO / 准备查询数据
2018-01-19 09:54:39,113 / search_data / INFO / SELECT u.name ,p.payname,pay.product_name,pay.createtime,pay.money ,pay.shouzhi       FROM user_info u,payment_info p, pay_info pay        WHERE u.id=pay.user_id AND p.id=pay.payment_id and pay.shouzhi='收入';and pay.pay_time  BETWEEN '2000/1/1' AND '2000/1/1'
2018-01-19 09:54:39,113 / search_data / INFO / SELECT u.name ,p.payname,pay.product_name,pay.createtime,pay.money ,pay.shouzhi       FROM user_info u,payment_info p, pay_info pay        WHERE u.id=pay.user_id AND p.id=pay.payment_id and pay.shouzhi='收入';and pay.pay_time  BETWEEN '2000/1/1' AND '2000/1/1'
2018-01-19 09:55:44,951 / search_data / INFO / 准备查询数据
2018-01-19 09:55:44,951 / search_data / INFO / SELECT u.name ,p.payname,pay.product_name,pay.createtime,pay.money ,pay.shouzhi       FROM user_info u,payment_info p, pay_info pay        WHERE u.id=pay.user_id AND p.id=pay.payment_id 
2018-01-19 09:55:45,145 / search_data / INFO / 查询完数据
2018-01-19 09:55:54,259 / search_data / INFO / 准备查询数据
2018-01-19 09:55:54,259 / search_data / INFO / 准备查询数据
2018-01-19 09:55:54,260 / search_data / INFO / SELECT u.name ,p.payname,pay.product_name,pay.createtime,pay.money ,pay.shouzhi       FROM user_info u,payment_info p, pay_info pay        WHERE u.id=pay.user_id AND p.id=pay.payment_id and pay.pay_time  >'2017-1-1'
2018-01-19 09:55:54,260 / search_data / INFO / SELECT u.name ,p.payname,pay.product_name,pay.createtime,pay.money ,pay.shouzhi       FROM user_info u,payment_info p, pay_info pay        WHERE u.id=pay.user_id AND p.id=pay.payment_id and pay.pay_time  >'2017-1-1'
2018-01-19 09:55:54,327 / search_data / INFO / 查询完数据
2018-01-19 09:55:54,327 / search_data / INFO / 查询完数据
2018-01-19 09:57:51,765 / search_data / INFO / 准备查询数据
2018-01-19 09:57:51,765 / search_data / INFO / SELECT u.name ,p.payname,pay.product_name,pay.pay_time,pay.money ,pay.shouzhi       FROM user_info u,payment_info p, pay_info pay        WHERE u.id=pay.user_id AND p.id=pay.payment_id order by pay.pay_time
2018-01-19 09:57:52,006 / search_data / INFO / 查询完数据
2018-01-19 09:58:17,651 / search_data / INFO / 准备查询数据
2018-01-19 09:58:17,651 / search_data / INFO / SELECT u.name ,p.payname,pay.product_name,pay.pay_time,pay.money ,pay.shouzhi       FROM user_info u,payment_info p, pay_info pay        WHERE u.id=pay.user_id AND p.id=pay.payment_id order by pay.pay_time
2018-01-19 09:58:17,766 / search_data / INFO / 查询完数据
2018-01-19 10:01:51,855 / search_data / INFO / 准备查询数据
2018-01-19 10:01:51,855 / search_data / INFO / SELECT u.name ,p.payname,pay.product_name,pay.createtime,pay.money ,pay.shouzhi       FROM user_info u,payment_info p, pay_info pay        WHERE u.id=pay.user_id AND p.id=pay.payment_id order by pay.createtime
2018-01-19 10:01:51,970 / search_data / INFO / 查询完数据
2018-01-19 10:02:06,632 / search_data / INFO / 准备查询数据
2018-01-19 10:02:06,632 / search_data / INFO / SELECT u.name ,p.payname,pay.product_name,pay.createtime,pay.money ,pay.shouzhi       FROM user_info u,payment_info p, pay_info pay        WHERE u.id=pay.user_id AND p.id=pay.payment_id order by pay.createtime
2018-01-19 10:02:06,738 / search_data / INFO / 查询完数据
2018-01-19 10:08:27,773 / search_data / INFO / 准备查询数据
2018-01-19 10:08:27,773 / search_data / INFO / SELECT u.name ,p.payname,pay.product_name,pay.createtime,pay.money ,pay.shouzhi       FROM user_info u,payment_info p, pay_info pay        WHERE u.id=pay.user_id AND p.id=pay.payment_id  and pay.zijinzhuangtai !='' AND pay.zijinzhuangtai !='资金转移' order by pay.createtime 
2018-01-19 10:08:27,915 / search_data / INFO / 查询完数据
2018-01-19 10:08:55,192 / search_data / INFO / 准备查询数据
2018-01-19 10:08:55,192 / search_data / INFO / SELECT u.name ,p.payname,pay.product_name,pay.createtime,pay.money ,pay.shouzhi       FROM user_info u,payment_info p, pay_info pay        WHERE u.id=pay.user_id AND p.id=pay.payment_id  and pay.zijinzhuangtai !='' AND pay.zijinzhuangtai !='资金转移' order by pay.createtime DESC
2018-01-19 10:08:55,357 / search_data / INFO / 查询完数据
2018-01-19 10:09:05,502 / search_data / INFO / 准备查询数据
2018-01-19 10:09:05,502 / search_data / INFO / 准备查询数据
2018-01-19 10:09:05,502 / search_data / INFO / SELECT u.name ,p.payname,pay.product_name,pay.createtime,pay.money ,pay.shouzhi       FROM user_info u,payment_info p, pay_info pay        WHERE u.id=pay.user_id AND p.id=pay.payment_id and pay.shouzhi='支出'; and pay.zijinzhuangtai !='' AND pay.zijinzhuangtai !='资金转移' order by pay.createtime DESC
2018-01-19 10:09:05,502 / search_data / INFO / SELECT u.name ,p.payname,pay.product_name,pay.createtime,pay.money ,pay.shouzhi       FROM user_info u,payment_info p, pay_info pay        WHERE u.id=pay.user_id AND p.id=pay.payment_id and pay.shouzhi='支出'; and pay.zijinzhuangtai !='' AND pay.zijinzhuangtai !='资金转移' order by pay.createtime DESC
2018-01-19 10:10:29,885 / search_data / INFO / 准备查询数据
2018-01-19 10:10:29,886 / search_data / INFO / SELECT u.name ,p.payname,pay.product_name,pay.createtime,pay.money ,pay.shouzhi       FROM user_info u,payment_info p, pay_info pay        WHERE u.id=pay.user_id AND p.id=pay.payment_id  and pay.zijinzhuangtai !='' AND pay.zijinzhuangtai !='资金转移' order by pay.createtime DESC
2018-01-19 10:10:30,040 / search_data / INFO / 查询完数据
2018-01-19 10:10:32,421 / search_data / INFO / 准备查询数据
2018-01-19 10:10:32,421 / search_data / INFO / 准备查询数据
2018-01-19 10:10:32,422 / search_data / INFO / SELECT u.name ,p.payname,pay.product_name,pay.createtime,pay.money ,pay.shouzhi       FROM user_info u,payment_info p, pay_info pay        WHERE u.id=pay.user_id AND p.id=pay.payment_id and pay.shouzhi='支出' and pay.zijinzhuangtai !='' AND pay.zijinzhuangtai !='资金转移' order by pay.createtime DESC
2018-01-19 10:10:32,422 / search_data / INFO / SELECT u.name ,p.payname,pay.product_name,pay.createtime,pay.money ,pay.shouzhi       FROM user_info u,payment_info p, pay_info pay        WHERE u.id=pay.user_id AND p.id=pay.payment_id and pay.shouzhi='支出' and pay.zijinzhuangtai !='' AND pay.zijinzhuangtai !='资金转移' order by pay.createtime DESC
2018-01-19 10:10:32,500 / search_data / INFO / 查询完数据
2018-01-19 10:10:32,500 / search_data / INFO / 查询完数据
2018-01-19 10:10:43,028 / search_data / INFO / 准备查询数据
2018-01-19 10:10:43,028 / search_data / INFO / 准备查询数据
2018-01-19 10:10:43,028 / search_data / INFO / 准备查询数据
2018-01-19 10:10:43,029 / search_data / INFO / SELECT u.name ,p.payname,pay.product_name,pay.createtime,pay.money ,pay.shouzhi       FROM user_info u,payment_info p, pay_info pay        WHERE u.id=pay.user_id AND p.id=pay.payment_id and pay.shouzhi='收入' and pay.zijinzhuangtai !='' AND pay.zijinzhuangtai !='资金转移' order by pay.createtime DESC
2018-01-19 10:10:43,029 / search_data / INFO / SELECT u.name ,p.payname,pay.product_name,pay.createtime,pay.money ,pay.shouzhi       FROM user_info u,payment_info p, pay_info pay        WHERE u.id=pay.user_id AND p.id=pay.payment_id and pay.shouzhi='收入' and pay.zijinzhuangtai !='' AND pay.zijinzhuangtai !='资金转移' order by pay.createtime DESC
2018-01-19 10:10:43,029 / search_data / INFO / SELECT u.name ,p.payname,pay.product_name,pay.createtime,pay.money ,pay.shouzhi       FROM user_info u,payment_info p, pay_info pay        WHERE u.id=pay.user_id AND p.id=pay.payment_id and pay.shouzhi='收入' and pay.zijinzhuangtai !='' AND pay.zijinzhuangtai !='资金转移' order by pay.createtime DESC
2018-01-19 10:10:43,098 / search_data / INFO / 查询完数据
2018-01-19 10:10:43,098 / search_data / INFO / 查询完数据
2018-01-19 10:10:43,098 / search_data / INFO / 查询完数据
2018-01-19 10:10:49,884 / search_data / INFO / 准备查询数据
2018-01-19 10:10:49,884 / search_data / INFO / 准备查询数据
2018-01-19 10:10:49,884 / search_data / INFO / 准备查询数据
2018-01-19 10:10:49,884 / search_data / INFO / 准备查询数据
2018-01-19 10:10:49,885 / search_data / INFO / SELECT u.name ,p.payname,pay.product_name,pay.createtime,pay.money ,pay.shouzhi       FROM user_info u,payment_info p, pay_info pay        WHERE u.id=pay.user_id AND p.id=pay.payment_id and u.name='刘艳美'and pay.shouzhi='收入' and pay.zijinzhuangtai !='' AND pay.zijinzhuangtai !='资金转移' order by pay.createtime DESC
2018-01-19 10:10:49,885 / search_data / INFO / SELECT u.name ,p.payname,pay.product_name,pay.createtime,pay.money ,pay.shouzhi       FROM user_info u,payment_info p, pay_info pay        WHERE u.id=pay.user_id AND p.id=pay.payment_id and u.name='刘艳美'and pay.shouzhi='收入' and pay.zijinzhuangtai !='' AND pay.zijinzhuangtai !='资金转移' order by pay.createtime DESC
2018-01-19 10:10:49,885 / search_data / INFO / SELECT u.name ,p.payname,pay.product_name,pay.createtime,pay.money ,pay.shouzhi       FROM user_info u,payment_info p, pay_info pay        WHERE u.id=pay.user_id AND p.id=pay.payment_id and u.name='刘艳美'and pay.shouzhi='收入' and pay.zijinzhuangtai !='' AND pay.zijinzhuangtai !='资金转移' order by pay.createtime DESC
2018-01-19 10:10:49,885 / search_data / INFO / SELECT u.name ,p.payname,pay.product_name,pay.createtime,pay.money ,pay.shouzhi       FROM user_info u,payment_info p, pay_info pay        WHERE u.id=pay.user_id AND p.id=pay.payment_id and u.name='刘艳美'and pay.shouzhi='收入' and pay.zijinzhuangtai !='' AND pay.zijinzhuangtai !='资金转移' order by pay.createtime DESC
2018-01-19 10:10:49,943 / search_data / INFO / 查询完数据
2018-01-19 10:10:49,943 / search_data / INFO / 查询完数据
2018-01-19 10:10:49,943 / search_data / INFO / 查询完数据
2018-01-19 10:10:49,943 / search_data / INFO / 查询完数据
2018-01-19 10:11:13,652 / search_data / INFO / 准备查询数据
2018-01-19 10:11:13,652 / search_data / INFO / SELECT u.name ,p.payname,pay.product_name,pay.createtime,pay.money ,pay.shouzhi       FROM user_info u,payment_info p, pay_info pay        WHERE u.id=pay.user_id AND p.id=pay.payment_id  and pay.zijinzhuangtai !='' AND pay.zijinzhuangtai !='资金转移' order by pay.createtime DESC
2018-01-19 10:11:13,747 / search_data / INFO / 查询完数据
2018-01-19 10:11:23,711 / search_data / INFO / 准备查询数据
2018-01-19 10:11:23,711 / search_data / INFO / SELECT u.name ,p.payname,pay.product_name,pay.createtime,pay.money ,pay.shouzhi       FROM user_info u,payment_info p, pay_info pay        WHERE u.id=pay.user_id AND p.id=pay.payment_id  and pay.zijinzhuangtai !='' AND pay.zijinzhuangtai !='资金转移' order by pay.createtime DESC
2018-01-19 10:11:23,807 / search_data / INFO / 查询完数据
2018-01-19 10:11:30,828 / search_data / INFO / 准备查询数据
2018-01-19 10:11:30,828 / search_data / INFO / 准备查询数据
2018-01-19 10:11:30,829 / search_data / INFO / SELECT u.name ,p.payname,pay.product_name,pay.createtime,pay.money ,pay.shouzhi       FROM user_info u,payment_info p, pay_info pay        WHERE u.id=pay.user_id AND p.id=pay.payment_id and pay.shouzhi='1' and pay.zijinzhuangtai !='' AND pay.zijinzhuangtai !='资金转移' order by pay.createtime DESC
2018-01-19 10:11:30,829 / search_data / INFO / SELECT u.name ,p.payname,pay.product_name,pay.createtime,pay.money ,pay.shouzhi       FROM user_info u,payment_info p, pay_info pay        WHERE u.id=pay.user_id AND p.id=pay.payment_id and pay.shouzhi='1' and pay.zijinzhuangtai !='' AND pay.zijinzhuangtai !='资金转移' order by pay.createtime DESC
2018-01-19 10:11:30,834 / search_data / INFO / 查询完数据
2018-01-19 10:11:30,834 / search_data / INFO / 查询完数据
2018-01-19 10:11:33,164 / search_data / INFO / 准备查询数据
2018-01-19 10:11:33,164 / search_data / INFO / 准备查询数据
2018-01-19 10:11:33,164 / search_data / INFO / 准备查询数据
2018-01-19 10:11:33,164 / search_data / INFO / SELECT u.name ,p.payname,pay.product_name,pay.createtime,pay.money ,pay.shouzhi       FROM user_info u,payment_info p, pay_info pay        WHERE u.id=pay.user_id AND p.id=pay.payment_id and pay.shouzhi='2' and pay.zijinzhuangtai !='' AND pay.zijinzhuangtai !='资金转移' order by pay.createtime DESC
2018-01-19 10:11:33,164 / search_data / INFO / SELECT u.name ,p.payname,pay.product_name,pay.createtime,pay.money ,pay.shouzhi       FROM user_info u,payment_info p, pay_info pay        WHERE u.id=pay.user_id AND p.id=pay.payment_id and pay.shouzhi='2' and pay.zijinzhuangtai !='' AND pay.zijinzhuangtai !='资金转移' order by pay.createtime DESC
2018-01-19 10:11:33,164 / search_data / INFO / SELECT u.name ,p.payname,pay.product_name,pay.createtime,pay.money ,pay.shouzhi       FROM user_info u,payment_info p, pay_info pay        WHERE u.id=pay.user_id AND p.id=pay.payment_id and pay.shouzhi='2' and pay.zijinzhuangtai !='' AND pay.zijinzhuangtai !='资金转移' order by pay.createtime DESC
2018-01-19 10:11:33,169 / search_data / INFO / 查询完数据
2018-01-19 10:11:33,169 / search_data / INFO / 查询完数据
2018-01-19 10:11:33,169 / search_data / INFO / 查询完数据
2018-01-19 10:13:39,260 / search_data / INFO / 准备查询数据
2018-01-19 10:13:39,260 / search_data / INFO / SELECT u.name ,p.payname,pay.product_name,pay.createtime,pay.money ,pay.shouzhi       FROM user_info u,payment_info p, pay_info pay        WHERE u.id=pay.user_id AND p.id=pay.payment_id  and pay.zijinzhuangtai !='' AND pay.zijinzhuangtai !='资金转移' order by pay.createtime DESC
2018-01-19 10:13:39,353 / search_data / INFO / 查询完数据
2018-01-19 10:14:31,445 / search_data / INFO / 准备查询数据
2018-01-19 10:14:31,445 / search_data / INFO / SELECT u.name ,p.payname,pay.product_name,pay.createtime,pay.money ,pay.shouzhi       FROM user_info u,payment_info p, pay_info pay        WHERE u.id=pay.user_id AND p.id=pay.payment_id  and pay.zijinzhuangtai !='' AND pay.zijinzhuangtai !='资金转移' order by pay.createtime DESC
2018-01-19 10:14:31,536 / search_data / INFO / 查询完数据
2018-01-19 10:15:05,878 / search_data / INFO / 准备查询数据
2018-01-19 10:15:05,879 / search_data / INFO / SELECT u.name ,p.payname,pay.product_name,pay.createtime,pay.money ,pay.shouzhi       FROM user_info u,payment_info p, pay_info pay        WHERE u.id=pay.user_id AND p.id=pay.payment_id  and pay.zijinzhuangtai !='' AND pay.zijinzhuangtai !='资金转移' order by pay.createtime DESC
2018-01-19 10:15:05,972 / search_data / INFO / 查询完数据
2018-01-19 10:15:07,618 / search_data / INFO / 准备查询数据
2018-01-19 10:15:07,618 / search_data / INFO / 准备查询数据
2018-01-19 10:15:07,619 / search_data / INFO / SELECT u.name ,p.payname,pay.product_name,pay.createtime,pay.money ,pay.shouzhi       FROM user_info u,payment_info p, pay_info pay        WHERE u.id=pay.user_id AND p.id=pay.payment_id  and pay.zijinzhuangtai !='' AND pay.zijinzhuangtai !='资金转移' order by pay.createtime DESC
2018-01-19 10:15:07,619 / search_data / INFO / SELECT u.name ,p.payname,pay.product_name,pay.createtime,pay.money ,pay.shouzhi       FROM user_info u,payment_info p, pay_info pay        WHERE u.id=pay.user_id AND p.id=pay.payment_id  and pay.zijinzhuangtai !='' AND pay.zijinzhuangtai !='资金转移' order by pay.createtime DESC
2018-01-19 10:15:07,735 / search_data / INFO / 查询完数据
2018-01-19 10:15:07,735 / search_data / INFO / 查询完数据
2018-01-19 10:15:31,706 / search_data / INFO / 准备查询数据
2018-01-19 10:15:31,707 / search_data / INFO / SELECT u.name ,p.payname,pay.product_name,pay.createtime,pay.money ,pay.shouzhi       FROM user_info u,payment_info p, pay_info pay        WHERE u.id=pay.user_id AND p.id=pay.payment_id  and pay.zijinzhuangtai !='' AND pay.zijinzhuangtai !='资金转移' order by pay.createtime DESC
2018-01-19 10:15:31,805 / search_data / INFO / 查询完数据
2018-01-19 10:15:40,577 / search_data / INFO / 准备查询数据
2018-01-19 10:15:40,577 / search_data / INFO / 准备查询数据
2018-01-19 10:15:40,578 / search_data / INFO / SELECT u.name ,p.payname,pay.product_name,pay.createtime,pay.money ,pay.shouzhi       FROM user_info u,payment_info p, pay_info pay        WHERE u.id=pay.user_id AND p.id=pay.payment_id  and pay.zijinzhuangtai !='' AND pay.zijinzhuangtai !='资金转移' order by pay.createtime DESC
2018-01-19 10:15:40,578 / search_data / INFO / SELECT u.name ,p.payname,pay.product_name,pay.createtime,pay.money ,pay.shouzhi       FROM user_info u,payment_info p, pay_info pay        WHERE u.id=pay.user_id AND p.id=pay.payment_id  and pay.zijinzhuangtai !='' AND pay.zijinzhuangtai !='资金转移' order by pay.createtime DESC
2018-01-19 10:15:40,673 / search_data / INFO / 查询完数据
2018-01-19 10:15:40,673 / search_data / INFO / 查询完数据
2018-01-19 10:18:39,829 / search_data / INFO / 准备查询数据
2018-01-19 10:18:39,829 / search_data / INFO / SELECT u.name ,p.payname,pay.product_name,pay.createtime,pay.money ,pay.shouzhi       FROM user_info u,payment_info p, pay_info pay        WHERE u.id=pay.user_id AND p.id=pay.payment_id  and pay.zijinzhuangtai !='' AND pay.zijinzhuangtai !='资金转移' order by pay.createtime DESC
2018-01-19 10:18:39,920 / search_data / INFO / 查询完数据
2018-01-19 10:18:50,425 / search_data / INFO / 准备查询数据
2018-01-19 10:18:50,425 / search_data / INFO / 准备查询数据
2018-01-19 10:18:50,425 / search_data / INFO / SELECT u.name ,p.payname,pay.product_name,pay.createtime,pay.money ,pay.shouzhi       FROM user_info u,payment_info p, pay_info pay        WHERE u.id=pay.user_id AND p.id=pay.payment_id  and pay.zijinzhuangtai !='' AND pay.zijinzhuangtai !='资金转移' order by pay.createtime DESC
2018-01-19 10:18:50,425 / search_data / INFO / SELECT u.name ,p.payname,pay.product_name,pay.createtime,pay.money ,pay.shouzhi       FROM user_info u,payment_info p, pay_info pay        WHERE u.id=pay.user_id AND p.id=pay.payment_id  and pay.zijinzhuangtai !='' AND pay.zijinzhuangtai !='资金转移' order by pay.createtime DESC
2018-01-19 10:18:50,536 / search_data / INFO / 查询完数据
2018-01-19 10:18:50,536 / search_data / INFO / 查询完数据
2018-01-19 10:19:36,973 / search_data / INFO / 准备查询数据
2018-01-19 10:19:36,973 / search_data / INFO / SELECT u.name ,p.payname,pay.product_name,pay.createtime,pay.money ,pay.shouzhi       FROM user_info u,payment_info p, pay_info pay        WHERE u.id=pay.user_id AND p.id=pay.payment_id  and pay.zijinzhuangtai !='' AND pay.zijinzhuangtai !='资金转移' order by pay.createtime DESC
2018-01-19 10:19:37,065 / search_data / INFO / 查询完数据
2018-01-19 10:19:42,520 / search_data / INFO / 准备查询数据
2018-01-19 10:19:42,520 / search_data / INFO / 准备查询数据
2018-01-19 10:19:42,521 / search_data / INFO / SELECT u.name ,p.payname,pay.product_name,pay.createtime,pay.money ,pay.shouzhi       FROM user_info u,payment_info p, pay_info pay        WHERE u.id=pay.user_id AND p.id=pay.payment_id and pay.shouzhi='支出' and pay.zijinzhuangtai !='' AND pay.zijinzhuangtai !='资金转移' order by pay.createtime DESC
2018-01-19 10:19:42,521 / search_data / INFO / SELECT u.name ,p.payname,pay.product_name,pay.createtime,pay.money ,pay.shouzhi       FROM user_info u,payment_info p, pay_info pay        WHERE u.id=pay.user_id AND p.id=pay.payment_id and pay.shouzhi='支出' and pay.zijinzhuangtai !='' AND pay.zijinzhuangtai !='资金转移' order by pay.createtime DESC
2018-01-19 10:19:42,597 / search_data / INFO / 查询完数据
2018-01-19 10:19:42,597 / search_data / INFO / 查询完数据
2018-01-19 10:19:49,168 / search_data / INFO / 准备查询数据
2018-01-19 10:19:49,168 / search_data / INFO / 准备查询数据
2018-01-19 10:19:49,168 / search_data / INFO / 准备查询数据
2018-01-19 10:19:49,169 / search_data / INFO / SELECT u.name ,p.payname,pay.product_name,pay.createtime,pay.money ,pay.shouzhi       FROM user_info u,payment_info p, pay_info pay        WHERE u.id=pay.user_id AND p.id=pay.payment_id and pay.shouzhi='收入' and pay.zijinzhuangtai !='' AND pay.zijinzhuangtai !='资金转移' order by pay.createtime DESC
2018-01-19 10:19:49,169 / search_data / INFO / SELECT u.name ,p.payname,pay.product_name,pay.createtime,pay.money ,pay.shouzhi       FROM user_info u,payment_info p, pay_info pay        WHERE u.id=pay.user_id AND p.id=pay.payment_id and pay.shouzhi='收入' and pay.zijinzhuangtai !='' AND pay.zijinzhuangtai !='资金转移' order by pay.createtime DESC
2018-01-19 10:19:49,169 / search_data / INFO / SELECT u.name ,p.payname,pay.product_name,pay.createtime,pay.money ,pay.shouzhi       FROM user_info u,payment_info p, pay_info pay        WHERE u.id=pay.user_id AND p.id=pay.payment_id and pay.shouzhi='收入' and pay.zijinzhuangtai !='' AND pay.zijinzhuangtai !='资金转移' order by pay.createtime DESC
2018-01-19 10:19:49,220 / search_data / INFO / 查询完数据
2018-01-19 10:19:49,220 / search_data / INFO / 查询完数据
2018-01-19 10:19:49,220 / search_data / INFO / 查询完数据
2018-01-19 10:19:54,560 / search_data / INFO / 准备查询数据
2018-01-19 10:19:54,560 / search_data / INFO / 准备查询数据
2018-01-19 10:19:54,560 / search_data / INFO / 准备查询数据
2018-01-19 10:19:54,560 / search_data / INFO / 准备查询数据
2018-01-19 10:19:54,560 / search_data / INFO / SELECT u.name ,p.payname,pay.product_name,pay.createtime,pay.money ,pay.shouzhi       FROM user_info u,payment_info p, pay_info pay        WHERE u.id=pay.user_id AND p.id=pay.payment_id and pay.shouzhi='支出' and pay.zijinzhuangtai !='' AND pay.zijinzhuangtai !='资金转移' order by pay.createtime DESC
2018-01-19 10:19:54,560 / search_data / INFO / SELECT u.name ,p.payname,pay.product_name,pay.createtime,pay.money ,pay.shouzhi       FROM user_info u,payment_info p, pay_info pay        WHERE u.id=pay.user_id AND p.id=pay.payment_id and pay.shouzhi='支出' and pay.zijinzhuangtai !='' AND pay.zijinzhuangtai !='资金转移' order by pay.createtime DESC
2018-01-19 10:19:54,560 / search_data / INFO / SELECT u.name ,p.payname,pay.product_name,pay.createtime,pay.money ,pay.shouzhi       FROM user_info u,payment_info p, pay_info pay        WHERE u.id=pay.user_id AND p.id=pay.payment_id and pay.shouzhi='支出' and pay.zijinzhuangtai !='' AND pay.zijinzhuangtai !='资金转移' order by pay.createtime DESC
2018-01-19 10:19:54,560 / search_data / INFO / SELECT u.name ,p.payname,pay.product_name,pay.createtime,pay.money ,pay.shouzhi       FROM user_info u,payment_info p, pay_info pay        WHERE u.id=pay.user_id AND p.id=pay.payment_id and pay.shouzhi='支出' and pay.zijinzhuangtai !='' AND pay.zijinzhuangtai !='资金转移' order by pay.createtime DESC
2018-01-19 10:19:54,635 / search_data / INFO / 查询完数据
2018-01-19 10:19:54,635 / search_data / INFO / 查询完数据
2018-01-19 10:19:54,635 / search_data / INFO / 查询完数据
2018-01-19 10:19:54,635 / search_data / INFO / 查询完数据
2018-01-19 10:28:50,273 / search_data / INFO / 准备查询数据
2018-01-19 10:28:50,273 / search_data / INFO / SELECT u.name ,p.payname,pay.product_name,pay.createtime,pay.money ,pay.shouzhi       FROM user_info u,payment_info p, pay_info pay        WHERE u.id=pay.user_id AND p.id=pay.payment_id  and pay.zijinzhuangtai !='' AND pay.zijinzhuangtai !='资金转移' order by pay.createtime DESC
2018-01-19 10:28:50,374 / search_data / INFO / 查询完数据
2018-01-19 10:30:43,365 / search_data / INFO / 准备查询数据
2018-01-19 10:30:43,366 / search_data / INFO / SELECT u.name ,p.payname,pay.product_name,pay.createtime,pay.money ,pay.shouzhi       FROM user_info u,payment_info p, pay_info pay        WHERE u.id=pay.user_id AND p.id=pay.payment_id  and pay.zijinzhuangtai !='' AND pay.zijinzhuangtai !='资金转移' order by pay.createtime DESC
2018-01-19 10:30:43,461 / search_data / INFO / 查询完数据
2018-01-19 10:32:17,623 / search_data / INFO / 准备查询数据
2018-01-19 10:32:17,623 / search_data / INFO / SELECT u.name ,p.payname,pay.product_name,pay.createtime,pay.money ,pay.shouzhi       FROM user_info u,payment_info p, pay_info pay        WHERE u.id=pay.user_id AND p.id=pay.payment_id  and pay.zijinzhuangtai !='' AND pay.zijinzhuangtai !='资金转移' order by pay.createtime DESC
2018-01-19 10:32:17,718 / search_data / INFO / 查询完数据
2018-01-19 10:32:58,006 / search_data / INFO / 准备查询数据
2018-01-19 10:32:58,006 / search_data / INFO / SELECT u.name ,p.payname,pay.product_name,pay.createtime,pay.money ,pay.shouzhi       FROM user_info u,payment_info p, pay_info pay        WHERE u.id=pay.user_id AND p.id=pay.payment_id  and pay.zijinzhuangtai !='' AND pay.zijinzhuangtai !='资金转移' order by pay.createtime DESC
2018-01-19 10:32:58,099 / search_data / INFO / 查询完数据
2018-01-19 10:33:36,332 / search_data / INFO / 准备查询数据
2018-01-19 10:33:36,332 / search_data / INFO / SELECT u.name ,p.payname,pay.product_name,pay.createtime,pay.money ,pay.shouzhi       FROM user_info u,payment_info p, pay_info pay        WHERE u.id=pay.user_id AND p.id=pay.payment_id  and pay.zijinzhuangtai !='' AND pay.zijinzhuangtai !='资金转移' order by pay.createtime DESC
2018-01-19 10:33:36,424 / search_data / INFO / 查询完数据
2018-01-19 10:33:48,099 / search_data / INFO / 准备查询数据
2018-01-19 10:33:48,099 / search_data / INFO / 准备查询数据
2018-01-19 10:33:48,099 / search_data / INFO / SELECT u.name ,p.payname,pay.product_name,pay.createtime,pay.money ,pay.shouzhi       FROM user_info u,payment_info p, pay_info pay        WHERE u.id=pay.user_id AND p.id=pay.payment_id  and pay.zijinzhuangtai !='' AND pay.zijinzhuangtai !='资金转移' order by pay.createtime DESC
2018-01-19 10:33:48,099 / search_data / INFO / SELECT u.name ,p.payname,pay.product_name,pay.createtime,pay.money ,pay.shouzhi       FROM user_info u,payment_info p, pay_info pay        WHERE u.id=pay.user_id AND p.id=pay.payment_id  and pay.zijinzhuangtai !='' AND pay.zijinzhuangtai !='资金转移' order by pay.createtime DESC
2018-01-19 10:33:48,237 / search_data / INFO / 查询完数据
2018-01-19 10:33:48,237 / search_data / INFO / 查询完数据
2018-01-19 10:35:56,665 / search_data / INFO / 准备查询数据
2018-01-19 10:35:56,665 / search_data / INFO / SELECT u.name ,p.payname,pay.product_name,pay.createtime,pay.money ,pay.shouzhi       FROM user_info u,payment_info p, pay_info pay        WHERE u.id=pay.user_id AND p.id=pay.payment_id  and pay.zijinzhuangtai !='' AND pay.zijinzhuangtai !='资金转移' order by pay.createtime DESC
2018-01-19 10:35:56,757 / search_data / INFO / 查询完数据
2018-01-19 10:36:06,721 / search_data / INFO / 准备查询数据
2018-01-19 10:36:06,721 / search_data / INFO / 准备查询数据
2018-01-19 10:36:06,722 / search_data / INFO / SELECT u.name ,p.payname,pay.product_name,pay.createtime,pay.money ,pay.shouzhi       FROM user_info u,payment_info p, pay_info pay        WHERE u.id=pay.user_id AND p.id=pay.payment_id  and pay.zijinzhuangtai !='' AND pay.zijinzhuangtai !='资金转移' order by pay.createtime DESC
2018-01-19 10:36:06,722 / search_data / INFO / SELECT u.name ,p.payname,pay.product_name,pay.createtime,pay.money ,pay.shouzhi       FROM user_info u,payment_info p, pay_info pay        WHERE u.id=pay.user_id AND p.id=pay.payment_id  and pay.zijinzhuangtai !='' AND pay.zijinzhuangtai !='资金转移' order by pay.createtime DESC
2018-01-19 10:36:06,835 / search_data / INFO / 查询完数据
2018-01-19 10:36:06,835 / search_data / INFO / 查询完数据
2018-01-19 10:37:02,550 / search_data / INFO / 准备查询数据
2018-01-19 10:37:02,550 / search_data / INFO / SELECT u.name ,p.payname,pay.product_name,pay.createtime,pay.money ,pay.shouzhi       FROM user_info u,payment_info p, pay_info pay        WHERE u.id=pay.user_id AND p.id=pay.payment_id  and pay.zijinzhuangtai !='' AND pay.zijinzhuangtai !='资金转移' order by pay.createtime DESC
2018-01-19 10:37:02,642 / search_data / INFO / 查询完数据
2018-01-19 10:37:14,825 / search_data / INFO / 准备查询数据
2018-01-19 10:37:14,825 / search_data / INFO / 准备查询数据
2018-01-19 10:37:14,826 / search_data / INFO / SELECT u.name ,p.payname,pay.product_name,pay.createtime,pay.money ,pay.shouzhi       FROM user_info u,payment_info p, pay_info pay        WHERE u.id=pay.user_id AND p.id=pay.payment_id  and pay.zijinzhuangtai !='' AND pay.zijinzhuangtai !='资金转移' order by pay.createtime DESC
2018-01-19 10:37:14,826 / search_data / INFO / SELECT u.name ,p.payname,pay.product_name,pay.createtime,pay.money ,pay.shouzhi       FROM user_info u,payment_info p, pay_info pay        WHERE u.id=pay.user_id AND p.id=pay.payment_id  and pay.zijinzhuangtai !='' AND pay.zijinzhuangtai !='资金转移' order by pay.createtime DESC
2018-01-19 10:37:14,934 / search_data / INFO / 查询完数据
2018-01-19 10:37:14,934 / search_data / INFO / 查询完数据
2018-01-19 10:38:01,905 / search_data / INFO / 准备查询数据
2018-01-19 10:38:01,906 / search_data / INFO / SELECT u.name ,p.payname,pay.product_name,pay.createtime,pay.money ,pay.shouzhi       FROM user_info u,payment_info p, pay_info pay        WHERE u.id=pay.user_id AND p.id=pay.payment_id  and pay.zijinzhuangtai !='' AND pay.zijinzhuangtai !='资金转移' order by pay.createtime DESC
2018-01-19 10:38:02,001 / search_data / INFO / 查询完数据
2018-01-19 10:38:12,776 / search_data / INFO / 准备查询数据
2018-01-19 10:38:12,776 / search_data / INFO / 准备查询数据
2018-01-19 10:38:12,777 / search_data / INFO / SELECT u.name ,p.payname,pay.product_name,pay.createtime,pay.money ,pay.shouzhi       FROM user_info u,payment_info p, pay_info pay        WHERE u.id=pay.user_id AND p.id=pay.payment_id and pay.shouzhi='2017-1-1'and pay.createtime  >'2017-1-23' and pay.zijinzhuangtai !='' AND pay.zijinzhuangtai !='资金转移' order by pay.createtime DESC
2018-01-19 10:38:12,777 / search_data / INFO / SELECT u.name ,p.payname,pay.product_name,pay.createtime,pay.money ,pay.shouzhi       FROM user_info u,payment_info p, pay_info pay        WHERE u.id=pay.user_id AND p.id=pay.payment_id and pay.shouzhi='2017-1-1'and pay.createtime  >'2017-1-23' and pay.zijinzhuangtai !='' AND pay.zijinzhuangtai !='资金转移' order by pay.createtime DESC
2018-01-19 10:38:12,782 / search_data / INFO / 查询完数据
2018-01-19 10:38:12,782 / search_data / INFO / 查询完数据
2018-01-19 10:41:16,996 / search_data / INFO / 准备查询数据
2018-01-19 10:41:16,996 / search_data / INFO / SELECT u.name ,p.payname,pay.product_name,pay.createtime,pay.money ,pay.shouzhi       FROM user_info u,payment_info p, pay_info pay        WHERE u.id=pay.user_id AND p.id=pay.payment_id  and pay.zijinzhuangtai !='' AND pay.zijinzhuangtai !='资金转移' order by pay.createtime DESC
2018-01-19 10:41:17,087 / search_data / INFO / 查询完数据
2018-01-19 10:41:21,870 / search_data / INFO / 准备查询数据
2018-01-19 10:41:21,870 / search_data / INFO / 准备查询数据
2018-01-19 10:41:21,871 / search_data / INFO / SELECT u.name ,p.payname,pay.product_name,pay.createtime,pay.money ,pay.shouzhi       FROM user_info u,payment_info p, pay_info pay        WHERE u.id=pay.user_id AND p.id=pay.payment_id  and pay.zijinzhuangtai !='' AND pay.zijinzhuangtai !='资金转移' order by pay.createtime DESC
2018-01-19 10:41:21,871 / search_data / INFO / SELECT u.name ,p.payname,pay.product_name,pay.createtime,pay.money ,pay.shouzhi       FROM user_info u,payment_info p, pay_info pay        WHERE u.id=pay.user_id AND p.id=pay.payment_id  and pay.zijinzhuangtai !='' AND pay.zijinzhuangtai !='资金转移' order by pay.createtime DESC
2018-01-19 10:41:21,962 / search_data / INFO / 查询完数据
2018-01-19 10:41:21,962 / search_data / INFO / 查询完数据
2018-01-19 10:42:03,057 / search_data / INFO / 准备查询数据
2018-01-19 10:42:03,057 / search_data / INFO / SELECT u.name ,p.payname,pay.product_name,pay.createtime,pay.money ,pay.shouzhi       FROM user_info u,payment_info p, pay_info pay        WHERE u.id=pay.user_id AND p.id=pay.payment_id  and pay.zijinzhuangtai !='' AND pay.zijinzhuangtai !='资金转移' order by pay.createtime DESC
2018-01-19 10:42:03,161 / search_data / INFO / 查询完数据
2018-01-19 10:42:22,411 / search_data / INFO / 准备查询数据
2018-01-19 10:42:22,411 / search_data / INFO / SELECT u.name ,p.payname,pay.product_name,pay.createtime,pay.money ,pay.shouzhi       FROM user_info u,payment_info p, pay_info pay        WHERE u.id=pay.user_id AND p.id=pay.payment_id  and pay.zijinzhuangtai !='' AND pay.zijinzhuangtai !='资金转移' order by pay.createtime DESC
2018-01-19 10:42:22,502 / search_data / INFO / 查询完数据
2018-01-19 10:46:03,930 / search_data / INFO / 准备查询数据
2018-01-19 10:46:03,930 / search_data / INFO / SELECT u.name ,p.payname,pay.product_name,pay.createtime,pay.money ,pay.shouzhi       FROM user_info u,payment_info p, pay_info pay        WHERE u.id=pay.user_id AND p.id=pay.payment_id  and pay.zijinzhuangtai !='' AND pay.zijinzhuangtai !='资金转移' order by pay.createtime DESC
2018-01-19 10:46:04,024 / search_data / INFO / 查询完数据
2018-01-19 10:46:51,280 / search_data / INFO / 准备查询数据
2018-01-19 10:46:51,280 / search_data / INFO / SELECT u.name ,p.payname,pay.product_name,pay.createtime,pay.money ,pay.shouzhi       FROM user_info u,payment_info p, pay_info pay        WHERE u.id=pay.user_id AND p.id=pay.payment_id  and pay.zijinzhuangtai !='' AND pay.zijinzhuangtai !='资金转移' order by pay.createtime DESC
2018-01-19 10:46:51,372 / search_data / INFO / 查询完数据
2018-01-19 10:47:07,238 / search_data / INFO / 准备查询数据
2018-01-19 10:47:07,238 / search_data / INFO / SELECT u.name ,p.payname,pay.product_name,pay.createtime,pay.money ,pay.shouzhi       FROM user_info u,payment_info p, pay_info pay        WHERE u.id=pay.user_id AND p.id=pay.payment_id  and pay.zijinzhuangtai !='' AND pay.zijinzhuangtai !='资金转移' order by pay.createtime DESC
2018-01-19 10:47:07,330 / search_data / INFO / 查询完数据
2018-01-19 10:47:15,396 / search_data / INFO / 准备查询数据
2018-01-19 10:47:15,396 / search_data / INFO / 准备查询数据
2018-01-19 10:47:15,397 / search_data / INFO / SELECT u.name ,p.payname,pay.product_name,pay.createtime,pay.money ,pay.shouzhi       FROM user_info u,payment_info p, pay_info pay        WHERE u.id=pay.user_id AND p.id=pay.payment_id and pay.shouzhi='支出' and pay.zijinzhuangtai !='' AND pay.zijinzhuangtai !='资金转移' order by pay.createtime DESC
2018-01-19 10:47:15,397 / search_data / INFO / SELECT u.name ,p.payname,pay.product_name,pay.createtime,pay.money ,pay.shouzhi       FROM user_info u,payment_info p, pay_info pay        WHERE u.id=pay.user_id AND p.id=pay.payment_id and pay.shouzhi='支出' and pay.zijinzhuangtai !='' AND pay.zijinzhuangtai !='资金转移' order by pay.createtime DESC
2018-01-19 10:47:15,491 / search_data / INFO / 查询完数据
2018-01-19 10:47:15,491 / search_data / INFO / 查询完数据
2018-01-19 10:47:20,965 / search_data / INFO / 准备查询数据
2018-01-19 10:47:20,965 / search_data / INFO / 准备查询数据
2018-01-19 10:47:20,965 / search_data / INFO / 准备查询数据
2018-01-19 10:47:20,965 / search_data / INFO / SELECT u.name ,p.payname,pay.product_name,pay.createtime,pay.money ,pay.shouzhi       FROM user_info u,payment_info p, pay_info pay        WHERE u.id=pay.user_id AND p.id=pay.payment_id and pay.shouzhi='收入' and pay.zijinzhuangtai !='' AND pay.zijinzhuangtai !='资金转移' order by pay.createtime DESC
2018-01-19 10:47:20,965 / search_data / INFO / SELECT u.name ,p.payname,pay.product_name,pay.createtime,pay.money ,pay.shouzhi       FROM user_info u,payment_info p, pay_info pay        WHERE u.id=pay.user_id AND p.id=pay.payment_id and pay.shouzhi='收入' and pay.zijinzhuangtai !='' AND pay.zijinzhuangtai !='资金转移' order by pay.createtime DESC
2018-01-19 10:47:20,965 / search_data / INFO / SELECT u.name ,p.payname,pay.product_name,pay.createtime,pay.money ,pay.shouzhi       FROM user_info u,payment_info p, pay_info pay        WHERE u.id=pay.user_id AND p.id=pay.payment_id and pay.shouzhi='收入' and pay.zijinzhuangtai !='' AND pay.zijinzhuangtai !='资金转移' order by pay.createtime DESC
2018-01-19 10:47:21,020 / search_data / INFO / 查询完数据
2018-01-19 10:47:21,020 / search_data / INFO / 查询完数据
2018-01-19 10:47:21,020 / search_data / INFO / 查询完数据
2018-01-19 10:50:58,275 / search_data / INFO / 准备查询数据
2018-01-19 10:50:58,275 / search_data / INFO / 准备查询数据
2018-01-19 10:50:58,275 / search_data / INFO / 准备查询数据
2018-01-19 10:50:58,275 / search_data / INFO / 准备查询数据
2018-01-19 10:50:58,276 / search_data / INFO / SELECT u.name ,p.payname,pay.product_name,pay.createtime,pay.money ,pay.shouzhi       FROM user_info u,payment_info p, pay_info pay        WHERE u.id=pay.user_id AND p.id=pay.payment_id and pay.shouzhi='支出' and pay.zijinzhuangtai !='' AND pay.zijinzhuangtai !='资金转移' order by pay.createtime DESC
2018-01-19 10:50:58,276 / search_data / INFO / SELECT u.name ,p.payname,pay.product_name,pay.createtime,pay.money ,pay.shouzhi       FROM user_info u,payment_info p, pay_info pay        WHERE u.id=pay.user_id AND p.id=pay.payment_id and pay.shouzhi='支出' and pay.zijinzhuangtai !='' AND pay.zijinzhuangtai !='资金转移' order by pay.createtime DESC
2018-01-19 10:50:58,276 / search_data / INFO / SELECT u.name ,p.payname,pay.product_name,pay.createtime,pay.money ,pay.shouzhi       FROM user_info u,payment_info p, pay_info pay        WHERE u.id=pay.user_id AND p.id=pay.payment_id and pay.shouzhi='支出' and pay.zijinzhuangtai !='' AND pay.zijinzhuangtai !='资金转移' order by pay.createtime DESC
2018-01-19 10:50:58,276 / search_data / INFO / SELECT u.name ,p.payname,pay.product_name,pay.createtime,pay.money ,pay.shouzhi       FROM user_info u,payment_info p, pay_info pay        WHERE u.id=pay.user_id AND p.id=pay.payment_id and pay.shouzhi='支出' and pay.zijinzhuangtai !='' AND pay.zijinzhuangtai !='资金转移' order by pay.createtime DESC
2018-01-19 10:50:58,355 / search_data / INFO / 查询完数据
2018-01-19 10:50:58,355 / search_data / INFO / 查询完数据
2018-01-19 10:50:58,355 / search_data / INFO / 查询完数据
2018-01-19 10:50:58,355 / search_data / INFO / 查询完数据
2018-01-19 10:51:12,889 / search_data / INFO / 准备查询数据
2018-01-19 10:51:12,889 / search_data / INFO / SELECT u.name ,p.payname,pay.product_name,pay.createtime,pay.money ,pay.shouzhi       FROM user_info u,payment_info p, pay_info pay        WHERE u.id=pay.user_id AND p.id=pay.payment_id  and pay.zijinzhuangtai !='' AND pay.zijinzhuangtai !='资金转移' order by pay.createtime DESC
2018-01-19 10:51:12,980 / search_data / INFO / 查询完数据
2018-01-19 10:54:43,234 / search_data / INFO / 准备查询数据
2018-01-19 10:54:43,234 / search_data / INFO / SELECT u.name ,p.payname,pay.product_name,pay.createtime,pay.money ,pay.shouzhi       FROM user_info u,payment_info p, pay_info pay        WHERE u.id=pay.user_id AND p.id=pay.payment_id  and pay.zijinzhuangtai !='' AND pay.zijinzhuangtai !='资金转移' order by pay.createtime DESC
2018-01-19 10:54:43,327 / search_data / INFO / 查询完数据
2018-01-19 10:57:57,292 / search_data / INFO / 准备查询数据
2018-01-19 10:57:57,292 / search_data / INFO / SELECT u.name ,p.payname,pay.product_name,pay.createtime,pay.money ,pay.shouzhi       FROM user_info u,payment_info p, pay_info pay        WHERE u.id=pay.user_id AND p.id=pay.payment_id  and pay.zijinzhuangtai !='' AND pay.zijinzhuangtai !='资金转移' order by pay.createtime DESC
2018-01-19 10:57:57,385 / search_data / INFO / 查询完数据
2018-01-19 10:59:28,584 / search_data / INFO / 准备查询数据
2018-01-19 10:59:28,584 / search_data / INFO / SELECT u.name ,p.payname,pay.product_name,pay.createtime,pay.money ,pay.shouzhi       FROM user_info u,payment_info p, pay_info pay        WHERE u.id=pay.user_id AND p.id=pay.payment_id  and pay.zijinzhuangtai !='' AND pay.zijinzhuangtai !='资金转移' order by pay.createtime DESC
2018-01-19 10:59:28,678 / search_data / INFO / 查询完数据
2018-01-19 11:00:38,955 / search_data / INFO / 准备查询数据
2018-01-19 11:00:38,955 / search_data / INFO / SELECT u.name ,p.payname,pay.product_name,pay.createtime,pay.money ,pay.shouzhi       FROM user_info u,payment_info p, pay_info pay        WHERE u.id=pay.user_id AND p.id=pay.payment_id  and pay.zijinzhuangtai !='' AND pay.zijinzhuangtai !='资金转移' order by pay.createtime DESC
2018-01-19 11:00:39,052 / search_data / INFO / 查询完数据
2018-01-19 11:01:07,389 / search_data / INFO / 准备查询数据
2018-01-19 11:01:07,390 / search_data / INFO / SELECT u.name ,p.payname,pay.product_name,pay.createtime,pay.money ,pay.shouzhi       FROM user_info u,payment_info p, pay_info pay        WHERE u.id=pay.user_id AND p.id=pay.payment_id  and pay.zijinzhuangtai !='' AND pay.zijinzhuangtai !='资金转移' order by pay.createtime DESC
2018-01-19 11:01:07,482 / search_data / INFO / 查询完数据
2018-01-19 11:03:31,665 / search_data / INFO / 准备查询数据
2018-01-19 11:03:31,665 / search_data / INFO / SELECT u.name ,p.payname,pay.product_name,pay.createtime,pay.money ,pay.shouzhi       FROM user_info u,payment_info p, pay_info pay        WHERE u.id=pay.user_id AND p.id=pay.payment_id  and pay.zijinzhuangtai !='' AND pay.zijinzhuangtai !='资金转移' order by pay.createtime DESC
2018-01-19 11:03:31,759 / search_data / INFO / 查询完数据
2018-01-19 11:08:36,089 / search_data / INFO / 准备查询数据
2018-01-19 11:08:36,089 / search_data / INFO / SELECT u.name ,p.payname,pay.product_name,pay.createtime,pay.money ,pay.shouzhi       FROM user_info u,payment_info p, pay_info pay        WHERE u.id=pay.user_id AND p.id=pay.payment_id  and pay.zijinzhuangtai !='' AND pay.zijinzhuangtai !='资金转移' order by pay.createtime DESC
2018-01-19 11:08:36,184 / search_data / INFO / 查询完数据
2018-01-19 11:09:48,518 / search_data / INFO / 准备查询数据
2018-01-19 11:09:48,518 / search_data / INFO / SELECT u.name ,p.payname,pay.product_name,pay.createtime,pay.money ,pay.shouzhi       FROM user_info u,payment_info p, pay_info pay        WHERE u.id=pay.user_id AND p.id=pay.payment_id  and pay.zijinzhuangtai !='' AND pay.zijinzhuangtai !='资金转移' order by pay.createtime DESC
2018-01-19 11:09:48,642 / search_data / INFO / 查询完数据
2018-01-19 11:09:50,012 / search_data / INFO / 准备查询数据
2018-01-19 11:09:50,012 / search_data / INFO / 准备查询数据
2018-01-19 11:09:50,013 / search_data / INFO / SELECT u.name ,p.payname,pay.product_name,pay.createtime,pay.money ,pay.shouzhi       FROM user_info u,payment_info p, pay_info pay        WHERE u.id=pay.user_id AND p.id=pay.payment_id  and pay.zijinzhuangtai !='' AND pay.zijinzhuangtai !='资金转移' order by pay.createtime DESC
2018-01-19 11:09:50,013 / search_data / INFO / SELECT u.name ,p.payname,pay.product_name,pay.createtime,pay.money ,pay.shouzhi       FROM user_info u,payment_info p, pay_info pay        WHERE u.id=pay.user_id AND p.id=pay.payment_id  and pay.zijinzhuangtai !='' AND pay.zijinzhuangtai !='资金转移' order by pay.createtime DESC
2018-01-19 11:09:50,121 / search_data / INFO / 查询完数据
2018-01-19 11:09:50,121 / search_data / INFO / 查询完数据
2018-01-19 11:15:00,806 / search_data / INFO / 准备查询数据
2018-01-19 11:15:00,806 / search_data / INFO / SELECT u.name ,p.payname,pay.product_name,pay.createtime,pay.money ,pay.shouzhi       FROM user_info u,payment_info p, pay_info pay        WHERE u.id=pay.user_id AND p.id=pay.payment_id  and pay.zijinzhuangtai !='' AND pay.zijinzhuangtai !='资金转移' order by pay.createtime DESC
2018-01-19 11:15:00,899 / search_data / INFO / 查询完数据
2018-01-19 11:15:22,722 / search_data / INFO / 准备查询数据
2018-01-19 11:15:22,722 / search_data / INFO / SELECT u.name ,p.payname,pay.product_name,pay.createtime,pay.money ,pay.shouzhi       FROM user_info u,payment_info p, pay_info pay        WHERE u.id=pay.user_id AND p.id=pay.payment_id  and pay.zijinzhuangtai !='' AND pay.zijinzhuangtai !='资金转移' order by pay.createtime DESC
2018-01-19 11:15:22,819 / search_data / INFO / 查询完数据
2018-01-19 11:16:03,288 / search_data / INFO / 准备查询数据
2018-01-19 11:16:03,288 / search_data / INFO / SELECT u.name ,p.payname,pay.product_name,pay.createtime,pay.money ,pay.shouzhi       FROM user_info u,payment_info p, pay_info pay        WHERE u.id=pay.user_id AND p.id=pay.payment_id  and pay.zijinzhuangtai !='' AND pay.zijinzhuangtai !='资金转移' order by pay.createtime DESC
2018-01-19 11:16:03,380 / search_data / INFO / 查询完数据
2018-01-19 11:20:35,610 / search_data / INFO / 准备查询数据
2018-01-19 11:20:35,610 / search_data / INFO / SELECT u.name ,p.payname,pay.product_name,pay.createtime,pay.money ,pay.shouzhi       FROM user_info u,payment_info p, pay_info pay        WHERE u.id=pay.user_id AND p.id=pay.payment_id  and pay.zijinzhuangtai !='' AND pay.zijinzhuangtai !='资金转移' order by pay.createtime DESC
2018-01-19 11:20:35,752 / search_data / INFO / 查询完数据
2018-01-19 11:20:42,646 / search_data / INFO / 准备查询数据
2018-01-19 11:20:42,646 / search_data / INFO / SELECT u.name ,p.payname,pay.product_name,pay.createtime,pay.money ,pay.shouzhi       FROM user_info u,payment_info p, pay_info pay        WHERE u.id=pay.user_id AND p.id=pay.payment_id  and pay.zijinzhuangtai !='' AND pay.zijinzhuangtai !='资金转移' order by pay.createtime DESC
2018-01-19 11:20:42,739 / search_data / INFO / 查询完数据
2018-01-19 11:23:06,742 / search_data / INFO / 准备查询数据
2018-01-19 11:23:06,743 / search_data / INFO / SELECT u.name ,p.payname,pay.product_name,pay.createtime,pay.money ,pay.shouzhi       FROM user_info u,payment_info p, pay_info pay        WHERE u.id=pay.user_id AND p.id=pay.payment_id  and pay.zijinzhuangtai !='' AND pay.zijinzhuangtai !='资金转移' order by pay.createtime DESC
2018-01-19 11:23:06,839 / search_data / INFO / 查询完数据
2018-01-19 11:23:11,638 / search_data / INFO / 准备查询数据
2018-01-19 11:23:11,638 / search_data / INFO / 准备查询数据
2018-01-19 11:23:11,638 / search_data / INFO / SELECT u.name ,p.payname,pay.product_name,pay.createtime,pay.money ,pay.shouzhi       FROM user_info u,payment_info p, pay_info pay        WHERE u.id=pay.user_id AND p.id=pay.payment_id  and pay.zijinzhuangtai !='' AND pay.zijinzhuangtai !='资金转移' order by pay.createtime DESC
2018-01-19 11:23:11,638 / search_data / INFO / SELECT u.name ,p.payname,pay.product_name,pay.createtime,pay.money ,pay.shouzhi       FROM user_info u,payment_info p, pay_info pay        WHERE u.id=pay.user_id AND p.id=pay.payment_id  and pay.zijinzhuangtai !='' AND pay.zijinzhuangtai !='资金转移' order by pay.createtime DESC
2018-01-19 11:23:11,750 / search_data / INFO / 查询完数据
2018-01-19 11:23:11,750 / search_data / INFO / 查询完数据
2018-01-19 11:23:20,470 / search_data / INFO / 准备查询数据
2018-01-19 11:23:20,471 / search_data / INFO / SELECT u.name ,p.payname,pay.product_name,pay.createtime,pay.money ,pay.shouzhi       FROM user_info u,payment_info p, pay_info pay        WHERE u.id=pay.user_id AND p.id=pay.payment_id  and pay.zijinzhuangtai !='' AND pay.zijinzhuangtai !='资金转移' order by pay.createtime DESC
2018-01-19 11:23:20,562 / search_data / INFO / 查询完数据
2018-01-19 11:23:34,719 / search_data / INFO / 准备查询数据
2018-01-19 11:23:34,720 / search_data / INFO / SELECT u.name ,p.payname,pay.product_name,pay.createtime,pay.money ,pay.shouzhi       FROM user_info u,payment_info p, pay_info pay        WHERE u.id=pay.user_id AND p.id=pay.payment_id  and pay.zijinzhuangtai !='' AND pay.zijinzhuangtai !='资金转移' order by pay.createtime DESC
2018-01-19 11:23:34,812 / search_data / INFO / 查询完数据
2018-01-19 11:23:50,998 / search_data / INFO / 准备查询数据
2018-01-19 11:23:50,999 / search_data / INFO / SELECT u.name ,p.payname,pay.product_name,pay.createtime,pay.money ,pay.shouzhi       FROM user_info u,payment_info p, pay_info pay        WHERE u.id=pay.user_id AND p.id=pay.payment_id  and pay.zijinzhuangtai !='' AND pay.zijinzhuangtai !='资金转移' order by pay.createtime DESC
2018-01-19 11:23:51,090 / search_data / INFO / 查询完数据
2018-01-19 11:24:14,934 / search_data / INFO / 准备查询数据
2018-01-19 11:24:14,934 / search_data / INFO / SELECT u.name ,p.payname,pay.product_name,pay.createtime,pay.money ,pay.shouzhi       FROM user_info u,payment_info p, pay_info pay        WHERE u.id=pay.user_id AND p.id=pay.payment_id  and pay.zijinzhuangtai !='' AND pay.zijinzhuangtai !='资金转移' order by pay.createtime DESC
2018-01-19 11:24:15,028 / search_data / INFO / 查询完数据
2018-01-19 11:24:17,749 / search_data / INFO / 准备查询数据
2018-01-19 11:24:17,749 / search_data / INFO / 准备查询数据
2018-01-19 11:24:17,749 / search_data / INFO / SELECT u.name ,p.payname,pay.product_name,pay.createtime,pay.money ,pay.shouzhi       FROM user_info u,payment_info p, pay_info pay        WHERE u.id=pay.user_id AND p.id=pay.payment_id and pay.shouzhi='支出' and pay.zijinzhuangtai !='' AND pay.zijinzhuangtai !='资金转移' order by pay.createtime DESC
2018-01-19 11:24:17,749 / search_data / INFO / SELECT u.name ,p.payname,pay.product_name,pay.createtime,pay.money ,pay.shouzhi       FROM user_info u,payment_info p, pay_info pay        WHERE u.id=pay.user_id AND p.id=pay.payment_id and pay.shouzhi='支出' and pay.zijinzhuangtai !='' AND pay.zijinzhuangtai !='资金转移' order by pay.createtime DESC
2018-01-19 11:24:17,826 / search_data / INFO / 查询完数据
2018-01-19 11:24:17,826 / search_data / INFO / 查询完数据
2018-01-19 11:24:25,381 / search_data / INFO / 准备查询数据
2018-01-19 11:24:25,381 / search_data / INFO / 准备查询数据
2018-01-19 11:24:25,381 / search_data / INFO / 准备查询数据
2018-01-19 11:24:25,382 / search_data / INFO / SELECT u.name ,p.payname,pay.product_name,pay.createtime,pay.money ,pay.shouzhi       FROM user_info u,payment_info p, pay_info pay        WHERE u.id=pay.user_id AND p.id=pay.payment_id and pay.shouzhi='收入' and pay.zijinzhuangtai !='' AND pay.zijinzhuangtai !='资金转移' order by pay.createtime DESC
2018-01-19 11:24:25,382 / search_data / INFO / SELECT u.name ,p.payname,pay.product_name,pay.createtime,pay.money ,pay.shouzhi       FROM user_info u,payment_info p, pay_info pay        WHERE u.id=pay.user_id AND p.id=pay.payment_id and pay.shouzhi='收入' and pay.zijinzhuangtai !='' AND pay.zijinzhuangtai !='资金转移' order by pay.createtime DESC
2018-01-19 11:24:25,382 / search_data / INFO / SELECT u.name ,p.payname,pay.product_name,pay.createtime,pay.money ,pay.shouzhi       FROM user_info u,payment_info p, pay_info pay        WHERE u.id=pay.user_id AND p.id=pay.payment_id and pay.shouzhi='收入' and pay.zijinzhuangtai !='' AND pay.zijinzhuangtai !='资金转移' order by pay.createtime DESC
2018-01-19 11:24:25,451 / search_data / INFO / 查询完数据
2018-01-19 11:24:25,451 / search_data / INFO / 查询完数据
2018-01-19 11:24:25,451 / search_data / INFO / 查询完数据
2018-01-19 11:24:43,317 / search_data / INFO / 准备查询数据
2018-01-19 11:24:43,317 / search_data / INFO / 准备查询数据
2018-01-19 11:24:43,317 / search_data / INFO / 准备查询数据
2018-01-19 11:24:43,317 / search_data / INFO / 准备查询数据
2018-01-19 11:24:43,318 / search_data / INFO / SELECT u.name ,p.payname,pay.product_name,pay.createtime,pay.money ,pay.shouzhi       FROM user_info u,payment_info p, pay_info pay        WHERE u.id=pay.user_id AND p.id=pay.payment_id and pay.shouzhi='收入'and pay.createtime  >'2017-1-1' and pay.zijinzhuangtai !='' AND pay.zijinzhuangtai !='资金转移' order by pay.createtime DESC
2018-01-19 11:24:43,318 / search_data / INFO / SELECT u.name ,p.payname,pay.product_name,pay.createtime,pay.money ,pay.shouzhi       FROM user_info u,payment_info p, pay_info pay        WHERE u.id=pay.user_id AND p.id=pay.payment_id and pay.shouzhi='收入'and pay.createtime  >'2017-1-1' and pay.zijinzhuangtai !='' AND pay.zijinzhuangtai !='资金转移' order by pay.createtime DESC
2018-01-19 11:24:43,318 / search_data / INFO / SELECT u.name ,p.payname,pay.product_name,pay.createtime,pay.money ,pay.shouzhi       FROM user_info u,payment_info p, pay_info pay        WHERE u.id=pay.user_id AND p.id=pay.payment_id and pay.shouzhi='收入'and pay.createtime  >'2017-1-1' and pay.zijinzhuangtai !='' AND pay.zijinzhuangtai !='资金转移' order by pay.createtime DESC
2018-01-19 11:24:43,318 / search_data / INFO / SELECT u.name ,p.payname,pay.product_name,pay.createtime,pay.money ,pay.shouzhi       FROM user_info u,payment_info p, pay_info pay        WHERE u.id=pay.user_id AND p.id=pay.payment_id and pay.shouzhi='收入'and pay.createtime  >'2017-1-1' and pay.zijinzhuangtai !='' AND pay.zijinzhuangtai !='资金转移' order by pay.createtime DESC
2018-01-19 11:24:43,360 / search_data / INFO / 查询完数据
2018-01-19 11:24:43,360 / search_data / INFO / 查询完数据
2018-01-19 11:24:43,360 / search_data / INFO / 查询完数据
2018-01-19 11:24:43,360 / search_data / INFO / 查询完数据
2018-01-19 11:25:08,956 / search_data / INFO / 准备查询数据
2018-01-19 11:25:08,956 / search_data / INFO / 准备查询数据
2018-01-19 11:25:08,956 / search_data / INFO / 准备查询数据
2018-01-19 11:25:08,956 / search_data / INFO / 准备查询数据
2018-01-19 11:25:08,956 / search_data / INFO / 准备查询数据
2018-01-19 11:25:08,957 / search_data / INFO / SELECT u.name ,p.payname,pay.product_name,pay.createtime,pay.money ,pay.shouzhi       FROM user_info u,payment_info p, pay_info pay        WHERE u.id=pay.user_id AND p.id=pay.payment_id and u.name='张禹新'and pay.shouzhi='收入'and pay.createtime  >'2017-1-1' and pay.zijinzhuangtai !='' AND pay.zijinzhuangtai !='资金转移' order by pay.createtime DESC
2018-01-19 11:25:08,957 / search_data / INFO / SELECT u.name ,p.payname,pay.product_name,pay.createtime,pay.money ,pay.shouzhi       FROM user_info u,payment_info p, pay_info pay        WHERE u.id=pay.user_id AND p.id=pay.payment_id and u.name='张禹新'and pay.shouzhi='收入'and pay.createtime  >'2017-1-1' and pay.zijinzhuangtai !='' AND pay.zijinzhuangtai !='资金转移' order by pay.createtime DESC
2018-01-19 11:25:08,957 / search_data / INFO / SELECT u.name ,p.payname,pay.product_name,pay.createtime,pay.money ,pay.shouzhi       FROM user_info u,payment_info p, pay_info pay        WHERE u.id=pay.user_id AND p.id=pay.payment_id and u.name='张禹新'and pay.shouzhi='收入'and pay.createtime  >'2017-1-1' and pay.zijinzhuangtai !='' AND pay.zijinzhuangtai !='资金转移' order by pay.createtime DESC
2018-01-19 11:25:08,957 / search_data / INFO / SELECT u.name ,p.payname,pay.product_name,pay.createtime,pay.money ,pay.shouzhi       FROM user_info u,payment_info p, pay_info pay        WHERE u.id=pay.user_id AND p.id=pay.payment_id and u.name='张禹新'and pay.shouzhi='收入'and pay.createtime  >'2017-1-1' and pay.zijinzhuangtai !='' AND pay.zijinzhuangtai !='资金转移' order by pay.createtime DESC
2018-01-19 11:25:08,957 / search_data / INFO / SELECT u.name ,p.payname,pay.product_name,pay.createtime,pay.money ,pay.shouzhi       FROM user_info u,payment_info p, pay_info pay        WHERE u.id=pay.user_id AND p.id=pay.payment_id and u.name='张禹新'and pay.shouzhi='收入'and pay.createtime  >'2017-1-1' and pay.zijinzhuangtai !='' AND pay.zijinzhuangtai !='资金转移' order by pay.createtime DESC
2018-01-19 11:25:08,963 / search_data / INFO / 查询完数据
2018-01-19 11:25:08,963 / search_data / INFO / 查询完数据
2018-01-19 11:25:08,963 / search_data / INFO / 查询完数据
2018-01-19 11:25:08,963 / search_data / INFO / 查询完数据
2018-01-19 11:25:08,963 / search_data / INFO / 查询完数据
2018-01-19 11:28:06,370 / search_data / INFO / 准备查询数据
2018-01-19 11:28:06,370 / search_data / INFO / SELECT u.name ,p.payname,pay.product_name,pay.createtime,pay.money ,pay.shouzhi       FROM user_info u,payment_info p, pay_info pay        WHERE u.id=pay.user_id AND p.id=pay.payment_id  and pay.zijinzhuangtai !='' AND pay.zijinzhuangtai !='资金转移' order by pay.createtime DESC
2018-01-19 11:28:06,467 / search_data / INFO / 查询完数据
2018-01-19 11:33:25,806 / search_data / INFO / 准备查询数据
2018-01-19 11:33:25,807 / search_data / INFO / SELECT u.name ,p.payname,pay.product_name,pay.createtime,pay.money ,pay.shouzhi       FROM user_info u,payment_info p, pay_info pay        WHERE u.id=pay.user_id AND p.id=pay.payment_id  and pay.zijinzhuangtai !='' AND pay.zijinzhuangtai !='资金转移' order by pay.createtime DESC
2018-01-19 11:33:25,910 / search_data / INFO / 查询完数据
2018-01-19 11:33:34,185 / search_data / INFO / 准备查询数据
2018-01-19 11:33:34,185 / search_data / INFO / 准备查询数据
2018-01-19 11:33:34,185 / search_data / INFO / SELECT u.name ,p.payname,pay.product_name,pay.createtime,pay.money ,pay.shouzhi       FROM user_info u,payment_info p, pay_info pay        WHERE u.id=pay.user_id AND p.id=pay.payment_id and pay.shouzhi='支出' and pay.zijinzhuangtai !='' AND pay.zijinzhuangtai !='资金转移' order by pay.createtime DESC
2018-01-19 11:33:34,185 / search_data / INFO / SELECT u.name ,p.payname,pay.product_name,pay.createtime,pay.money ,pay.shouzhi       FROM user_info u,payment_info p, pay_info pay        WHERE u.id=pay.user_id AND p.id=pay.payment_id and pay.shouzhi='支出' and pay.zijinzhuangtai !='' AND pay.zijinzhuangtai !='资金转移' order by pay.createtime DESC
2018-01-19 11:33:34,266 / search_data / INFO / 查询完数据
2018-01-19 11:33:34,266 / search_data / INFO / 查询完数据
2018-01-19 11:33:57,147 / search_data / INFO / 准备查询数据
2018-01-19 11:33:57,147 / search_data / INFO / SELECT u.name ,p.payname,pay.product_name,pay.createtime,pay.money ,pay.shouzhi       FROM user_info u,payment_info p, pay_info pay        WHERE u.id=pay.user_id AND p.id=pay.payment_id  and pay.zijinzhuangtai !='' AND pay.zijinzhuangtai !='资金转移' order by pay.createtime DESC
2018-01-19 11:33:57,239 / search_data / INFO / 查询完数据
2018-01-19 11:33:59,466 / search_data / INFO / 准备查询数据
2018-01-19 11:33:59,466 / search_data / INFO / 准备查询数据
2018-01-19 11:33:59,466 / search_data / INFO / SELECT u.name ,p.payname,pay.product_name,pay.createtime,pay.money ,pay.shouzhi       FROM user_info u,payment_info p, pay_info pay        WHERE u.id=pay.user_id AND p.id=pay.payment_id and pay.shouzhi='支出' and pay.zijinzhuangtai !='' AND pay.zijinzhuangtai !='资金转移' order by pay.createtime DESC
2018-01-19 11:33:59,466 / search_data / INFO / SELECT u.name ,p.payname,pay.product_name,pay.createtime,pay.money ,pay.shouzhi       FROM user_info u,payment_info p, pay_info pay        WHERE u.id=pay.user_id AND p.id=pay.payment_id and pay.shouzhi='支出' and pay.zijinzhuangtai !='' AND pay.zijinzhuangtai !='资金转移' order by pay.createtime DESC
2018-01-19 11:33:59,534 / search_data / INFO / 查询完数据
2018-01-19 11:33:59,534 / search_data / INFO / 查询完数据
2018-01-19 11:34:06,694 / search_data / INFO / 准备查询数据
2018-01-19 11:34:06,694 / search_data / INFO / 准备查询数据
2018-01-19 11:34:06,694 / search_data / INFO / 准备查询数据
2018-01-19 11:34:06,695 / search_data / INFO / SELECT u.name ,p.payname,pay.product_name,pay.createtime,pay.money ,pay.shouzhi       FROM user_info u,payment_info p, pay_info pay        WHERE u.id=pay.user_id AND p.id=pay.payment_id  and pay.zijinzhuangtai !='' AND pay.zijinzhuangtai !='资金转移' order by pay.createtime DESC
2018-01-19 11:34:06,695 / search_data / INFO / SELECT u.name ,p.payname,pay.product_name,pay.createtime,pay.money ,pay.shouzhi       FROM user_info u,payment_info p, pay_info pay        WHERE u.id=pay.user_id AND p.id=pay.payment_id  and pay.zijinzhuangtai !='' AND pay.zijinzhuangtai !='资金转移' order by pay.createtime DESC
2018-01-19 11:34:06,695 / search_data / INFO / SELECT u.name ,p.payname,pay.product_name,pay.createtime,pay.money ,pay.shouzhi       FROM user_info u,payment_info p, pay_info pay        WHERE u.id=pay.user_id AND p.id=pay.payment_id  and pay.zijinzhuangtai !='' AND pay.zijinzhuangtai !='资金转移' order by pay.createtime DESC
2018-01-19 11:34:06,800 / search_data / INFO / 查询完数据
2018-01-19 11:34:06,800 / search_data / INFO / 查询完数据
2018-01-19 11:34:06,800 / search_data / INFO / 查询完数据
2018-01-19 11:37:11,434 / search_data / INFO / 准备查询数据
2018-01-19 11:37:11,435 / search_data / INFO / SELECT u.name ,p.payname,pay.product_name,pay.createtime,pay.money ,pay.shouzhi       FROM user_info u,payment_info p, pay_info pay        WHERE u.id=pay.user_id AND p.id=pay.payment_id  and pay.zijinzhuangtai !='' AND pay.zijinzhuangtai !='资金转移' order by pay.createtime DESC
2018-01-19 11:37:11,529 / search_data / INFO / 查询完数据
2018-01-19 11:37:14,890 / search_data / INFO / 准备查询数据
2018-01-19 11:37:14,890 / search_data / INFO / 准备查询数据
2018-01-19 11:37:14,890 / search_data / INFO / SELECT u.name ,p.payname,pay.product_name,pay.createtime,pay.money ,pay.shouzhi       FROM user_info u,payment_info p, pay_info pay        WHERE u.id=pay.user_id AND p.id=pay.payment_id and pay.shouzhi='收入' and pay.zijinzhuangtai !='' AND pay.zijinzhuangtai !='资金转移' order by pay.createtime DESC
2018-01-19 11:37:14,890 / search_data / INFO / SELECT u.name ,p.payname,pay.product_name,pay.createtime,pay.money ,pay.shouzhi       FROM user_info u,payment_info p, pay_info pay        WHERE u.id=pay.user_id AND p.id=pay.payment_id and pay.shouzhi='收入' and pay.zijinzhuangtai !='' AND pay.zijinzhuangtai !='资金转移' order by pay.createtime DESC
2018-01-19 11:37:14,943 / search_data / INFO / 查询完数据
2018-01-19 11:37:14,943 / search_data / INFO / 查询完数据
2018-01-19 11:37:41,483 / search_data / INFO / 准备查询数据
2018-01-19 11:37:41,483 / search_data / INFO / SELECT u.name ,p.payname,pay.product_name,pay.createtime,pay.money ,pay.shouzhi       FROM user_info u,payment_info p, pay_info pay        WHERE u.id=pay.user_id AND p.id=pay.payment_id  and pay.zijinzhuangtai !='' AND pay.zijinzhuangtai !='资金转移' order by pay.createtime DESC
2018-01-19 11:37:41,575 / search_data / INFO / 查询完数据
2018-01-19 11:38:00,738 / search_data / INFO / 准备查询数据
2018-01-19 11:38:00,738 / search_data / INFO / SELECT u.name ,p.payname,pay.product_name,pay.createtime,pay.money ,pay.shouzhi       FROM user_info u,payment_info p, pay_info pay        WHERE u.id=pay.user_id AND p.id=pay.payment_id  and pay.zijinzhuangtai !='' AND pay.zijinzhuangtai !='资金转移' order by pay.createtime DESC
2018-01-19 11:38:00,831 / search_data / INFO / 查询完数据
2018-01-19 11:38:03,136 / search_data / INFO / 准备查询数据
2018-01-19 11:38:03,136 / search_data / INFO / 准备查询数据
2018-01-19 11:38:03,136 / search_data / INFO / SELECT u.name ,p.payname,pay.product_name,pay.createtime,pay.money ,pay.shouzhi       FROM user_info u,payment_info p, pay_info pay        WHERE u.id=pay.user_id AND p.id=pay.payment_id and pay.shouzhi='支出' and pay.zijinzhuangtai !='' AND pay.zijinzhuangtai !='资金转移' order by pay.createtime DESC
2018-01-19 11:38:03,136 / search_data / INFO / SELECT u.name ,p.payname,pay.product_name,pay.createtime,pay.money ,pay.shouzhi       FROM user_info u,payment_info p, pay_info pay        WHERE u.id=pay.user_id AND p.id=pay.payment_id and pay.shouzhi='支出' and pay.zijinzhuangtai !='' AND pay.zijinzhuangtai !='资金转移' order by pay.createtime DESC
2018-01-19 11:38:03,415 / search_data / INFO / 查询完数据
2018-01-19 11:38:03,415 / search_data / INFO / 查询完数据
2018-01-19 11:38:39,615 / search_data / INFO / 准备查询数据
2018-01-19 11:38:39,615 / search_data / INFO / SELECT u.name ,p.payname,pay.product_name,pay.createtime,pay.money ,pay.shouzhi       FROM user_info u,payment_info p, pay_info pay        WHERE u.id=pay.user_id AND p.id=pay.payment_id  and pay.zijinzhuangtai !='' AND pay.zijinzhuangtai !='资金转移' order by pay.createtime DESC
2018-01-19 11:38:39,709 / search_data / INFO / 查询完数据
2018-01-19 11:38:42,663 / search_data / INFO / 准备查询数据
2018-01-19 11:38:42,663 / search_data / INFO / 准备查询数据
2018-01-19 11:38:42,663 / search_data / INFO / SELECT u.name ,p.payname,pay.product_name,pay.createtime,pay.money ,pay.shouzhi       FROM user_info u,payment_info p, pay_info pay        WHERE u.id=pay.user_id AND p.id=pay.payment_id and pay.shouzhi='收入' and pay.zijinzhuangtai !='' AND pay.zijinzhuangtai !='资金转移' order by pay.createtime DESC
2018-01-19 11:38:42,663 / search_data / INFO / SELECT u.name ,p.payname,pay.product_name,pay.createtime,pay.money ,pay.shouzhi       FROM user_info u,payment_info p, pay_info pay        WHERE u.id=pay.user_id AND p.id=pay.payment_id and pay.shouzhi='收入' and pay.zijinzhuangtai !='' AND pay.zijinzhuangtai !='资金转移' order by pay.createtime DESC
2018-01-19 11:38:42,719 / search_data / INFO / 查询完数据
2018-01-19 11:38:42,719 / search_data / INFO / 查询完数据
2018-01-19 11:40:14,312 / search_data / INFO / 准备查询数据
2018-01-19 11:40:14,312 / search_data / INFO / SELECT u.name ,p.payname,pay.product_name,pay.createtime,pay.money ,pay.shouzhi       FROM user_info u,payment_info p, pay_info pay        WHERE u.id=pay.user_id AND p.id=pay.payment_id  and pay.zijinzhuangtai !='' AND pay.zijinzhuangtai !='资金转移' order by pay.createtime DESC
2018-01-19 11:40:14,413 / search_data / INFO / 查询完数据
2018-01-19 11:41:10,837 / search_data / INFO / 准备查询数据
2018-01-19 11:41:10,837 / search_data / INFO / SELECT u.name ,p.payname,pay.product_name,pay.createtime,pay.money ,pay.shouzhi       FROM user_info u,payment_info p, pay_info pay        WHERE u.id=pay.user_id AND p.id=pay.payment_id  and pay.zijinzhuangtai !='' AND pay.zijinzhuangtai !='资金转移' order by pay.createtime DESC
2018-01-19 11:41:10,930 / search_data / INFO / 查询完数据
2018-01-19 11:41:27,359 / search_data / INFO / 准备查询数据
2018-01-19 11:41:27,359 / search_data / INFO / SELECT u.name ,p.payname,pay.product_name,pay.createtime,pay.money ,pay.shouzhi       FROM user_info u,payment_info p, pay_info pay        WHERE u.id=pay.user_id AND p.id=pay.payment_id  and pay.zijinzhuangtai !='' AND pay.zijinzhuangtai !='资金转移' order by pay.createtime DESC
2018-01-19 11:41:27,450 / search_data / INFO / 查询完数据
2018-01-19 11:42:07,321 / search_data / INFO / 准备查询数据
2018-01-19 11:42:07,321 / search_data / INFO / SELECT u.name ,p.payname,pay.product_name,pay.createtime,pay.money ,pay.shouzhi       FROM user_info u,payment_info p, pay_info pay        WHERE u.id=pay.user_id AND p.id=pay.payment_id  and pay.zijinzhuangtai !='' AND pay.zijinzhuangtai !='资金转移' order by pay.createtime DESC
2018-01-19 11:42:07,449 / search_data / INFO / 查询完数据
2018-01-19 11:42:50,109 / search_data / INFO / 准备查询数据
2018-01-19 11:42:50,109 / search_data / INFO / 准备查询数据
2018-01-19 11:42:50,110 / search_data / INFO / SELECT u.name ,p.payname,pay.product_name,pay.createtime,pay.money ,pay.shouzhi       FROM user_info u,payment_info p, pay_info pay        WHERE u.id=pay.user_id AND p.id=pay.payment_id and pay.shouzhi='收入' and pay.zijinzhuangtai !='' AND pay.zijinzhuangtai !='资金转移' order by pay.createtime DESC
2018-01-19 11:42:50,110 / search_data / INFO / SELECT u.name ,p.payname,pay.product_name,pay.createtime,pay.money ,pay.shouzhi       FROM user_info u,payment_info p, pay_info pay        WHERE u.id=pay.user_id AND p.id=pay.payment_id and pay.shouzhi='收入' and pay.zijinzhuangtai !='' AND pay.zijinzhuangtai !='资金转移' order by pay.createtime DESC
2018-01-19 11:42:50,176 / search_data / INFO / 查询完数据
2018-01-19 11:42:50,176 / search_data / INFO / 查询完数据
2018-01-19 11:42:59,253 / search_data / INFO / 准备查询数据
2018-01-19 11:42:59,253 / search_data / INFO / 准备查询数据
2018-01-19 11:42:59,253 / search_data / INFO / 准备查询数据
2018-01-19 11:42:59,254 / search_data / INFO / SELECT u.name ,p.payname,pay.product_name,pay.createtime,pay.money ,pay.shouzhi       FROM user_info u,payment_info p, pay_info pay        WHERE u.id=pay.user_id AND p.id=pay.payment_id and pay.shouzhi='收入'and pay.createtime  BETWEEN '2017-1-1' AND '2017-1031' and pay.zijinzhuangtai !='' AND pay.zijinzhuangtai !='资金转移' order by pay.createtime DESC
2018-01-19 11:42:59,254 / search_data / INFO / SELECT u.name ,p.payname,pay.product_name,pay.createtime,pay.money ,pay.shouzhi       FROM user_info u,payment_info p, pay_info pay        WHERE u.id=pay.user_id AND p.id=pay.payment_id and pay.shouzhi='收入'and pay.createtime  BETWEEN '2017-1-1' AND '2017-1031' and pay.zijinzhuangtai !='' AND pay.zijinzhuangtai !='资金转移' order by pay.createtime DESC
2018-01-19 11:42:59,254 / search_data / INFO / SELECT u.name ,p.payname,pay.product_name,pay.createtime,pay.money ,pay.shouzhi       FROM user_info u,payment_info p, pay_info pay        WHERE u.id=pay.user_id AND p.id=pay.payment_id and pay.shouzhi='收入'and pay.createtime  BETWEEN '2017-1-1' AND '2017-1031' and pay.zijinzhuangtai !='' AND pay.zijinzhuangtai !='资金转移' order by pay.createtime DESC
2018-01-19 11:42:59,314 / search_data / INFO / 查询完数据
2018-01-19 11:42:59,314 / search_data / INFO / 查询完数据
2018-01-19 11:42:59,314 / search_data / INFO / 查询完数据
2018-01-19 11:43:02,637 / search_data / INFO / 准备查询数据
2018-01-19 11:43:02,637 / search_data / INFO / 准备查询数据
2018-01-19 11:43:02,637 / search_data / INFO / 准备查询数据
2018-01-19 11:43:02,637 / search_data / INFO / 准备查询数据
2018-01-19 11:43:02,638 / search_data / INFO / SELECT u.name ,p.payname,pay.product_name,pay.createtime,pay.money ,pay.shouzhi       FROM user_info u,payment_info p, pay_info pay        WHERE u.id=pay.user_id AND p.id=pay.payment_id and pay.shouzhi='收入'and pay.createtime  BETWEEN '2017-1-1' AND '2017-10-31' and pay.zijinzhuangtai !='' AND pay.zijinzhuangtai !='资金转移' order by pay.createtime DESC
2018-01-19 11:43:02,638 / search_data / INFO / SELECT u.name ,p.payname,pay.product_name,pay.createtime,pay.money ,pay.shouzhi       FROM user_info u,payment_info p, pay_info pay        WHERE u.id=pay.user_id AND p.id=pay.payment_id and pay.shouzhi='收入'and pay.createtime  BETWEEN '2017-1-1' AND '2017-10-31' and pay.zijinzhuangtai !='' AND pay.zijinzhuangtai !='资金转移' order by pay.createtime DESC
2018-01-19 11:43:02,638 / search_data / INFO / SELECT u.name ,p.payname,pay.product_name,pay.createtime,pay.money ,pay.shouzhi       FROM user_info u,payment_info p, pay_info pay        WHERE u.id=pay.user_id AND p.id=pay.payment_id and pay.shouzhi='收入'and pay.createtime  BETWEEN '2017-1-1' AND '2017-10-31' and pay.zijinzhuangtai !='' AND pay.zijinzhuangtai !='资金转移' order by pay.createtime DESC
2018-01-19 11:43:02,638 / search_data / INFO / SELECT u.name ,p.payname,pay.product_name,pay.createtime,pay.money ,pay.shouzhi       FROM user_info u,payment_info p, pay_info pay        WHERE u.id=pay.user_id AND p.id=pay.payment_id and pay.shouzhi='收入'and pay.createtime  BETWEEN '2017-1-1' AND '2017-10-31' and pay.zijinzhuangtai !='' AND pay.zijinzhuangtai !='资金转移' order by pay.createtime DESC
2018-01-19 11:43:02,672 / search_data / INFO / 查询完数据
2018-01-19 11:43:02,672 / search_data / INFO / 查询完数据
2018-01-19 11:43:02,672 / search_data / INFO / 查询完数据
2018-01-19 11:43:02,672 / search_data / INFO / 查询完数据
2018-01-19 11:43:13,612 / search_data / INFO / 准备查询数据
2018-01-19 11:43:13,612 / search_data / INFO / 准备查询数据
2018-01-19 11:43:13,612 / search_data / INFO / 准备查询数据
2018-01-19 11:43:13,612 / search_data / INFO / 准备查询数据
2018-01-19 11:43:13,612 / search_data / INFO / 准备查询数据
2018-01-19 11:43:13,614 / search_data / INFO / SELECT u.name ,p.payname,pay.product_name,pay.createtime,pay.money ,pay.shouzhi       FROM user_info u,payment_info p, pay_info pay        WHERE u.id=pay.user_id AND p.id=pay.payment_id and pay.shouzhi='支出'and pay.createtime  BETWEEN '2017-1-1' AND '2017-10-31' and pay.zijinzhuangtai !='' AND pay.zijinzhuangtai !='资金转移' order by pay.createtime DESC
2018-01-19 11:43:13,614 / search_data / INFO / SELECT u.name ,p.payname,pay.product_name,pay.createtime,pay.money ,pay.shouzhi       FROM user_info u,payment_info p, pay_info pay        WHERE u.id=pay.user_id AND p.id=pay.payment_id and pay.shouzhi='支出'and pay.createtime  BETWEEN '2017-1-1' AND '2017-10-31' and pay.zijinzhuangtai !='' AND pay.zijinzhuangtai !='资金转移' order by pay.createtime DESC
2018-01-19 11:43:13,614 / search_data / INFO / SELECT u.name ,p.payname,pay.product_name,pay.createtime,pay.money ,pay.shouzhi       FROM user_info u,payment_info p, pay_info pay        WHERE u.id=pay.user_id AND p.id=pay.payment_id and pay.shouzhi='支出'and pay.createtime  BETWEEN '2017-1-1' AND '2017-10-31' and pay.zijinzhuangtai !='' AND pay.zijinzhuangtai !='资金转移' order by pay.createtime DESC
2018-01-19 11:43:13,614 / search_data / INFO / SELECT u.name ,p.payname,pay.product_name,pay.createtime,pay.money ,pay.shouzhi       FROM user_info u,payment_info p, pay_info pay        WHERE u.id=pay.user_id AND p.id=pay.payment_id and pay.shouzhi='支出'and pay.createtime  BETWEEN '2017-1-1' AND '2017-10-31' and pay.zijinzhuangtai !='' AND pay.zijinzhuangtai !='资金转移' order by pay.createtime DESC
2018-01-19 11:43:13,614 / search_data / INFO / SELECT u.name ,p.payname,pay.product_name,pay.createtime,pay.money ,pay.shouzhi       FROM user_info u,payment_info p, pay_info pay        WHERE u.id=pay.user_id AND p.id=pay.payment_id and pay.shouzhi='支出'and pay.createtime  BETWEEN '2017-1-1' AND '2017-10-31' and pay.zijinzhuangtai !='' AND pay.zijinzhuangtai !='资金转移' order by pay.createtime DESC
2018-01-19 11:43:13,648 / search_data / INFO / 查询完数据
2018-01-19 11:43:13,648 / search_data / INFO / 查询完数据
2018-01-19 11:43:13,648 / search_data / INFO / 查询完数据
2018-01-19 11:43:13,648 / search_data / INFO / 查询完数据
2018-01-19 11:43:13,648 / search_data / INFO / 查询完数据
2018-01-19 11:44:19,177 / search_data / INFO / 准备查询数据
2018-01-19 11:44:19,177 / search_data / INFO / SELECT u.name ,p.payname,pay.product_name,pay.createtime,pay.money ,pay.shouzhi       FROM user_info u,payment_info p, pay_info pay        WHERE u.id=pay.user_id AND p.id=pay.payment_id  and pay.zijinzhuangtai !='' AND pay.zijinzhuangtai !='资金转移' order by pay.createtime DESC
2018-01-19 11:44:19,268 / search_data / INFO / 查询完数据
2018-01-19 11:44:30,709 / search_data / INFO / 准备查询数据
2018-01-19 11:44:30,709 / search_data / INFO / 准备查询数据
2018-01-19 11:44:30,709 / search_data / INFO / SELECT u.name ,p.payname,pay.product_name,pay.createtime,pay.money ,pay.shouzhi       FROM user_info u,payment_info p, pay_info pay        WHERE u.id=pay.user_id AND p.id=pay.payment_id and u.name='张禹新' and pay.zijinzhuangtai !='' AND pay.zijinzhuangtai !='资金转移' order by pay.createtime DESC
2018-01-19 11:44:30,709 / search_data / INFO / SELECT u.name ,p.payname,pay.product_name,pay.createtime,pay.money ,pay.shouzhi       FROM user_info u,payment_info p, pay_info pay        WHERE u.id=pay.user_id AND p.id=pay.payment_id and u.name='张禹新' and pay.zijinzhuangtai !='' AND pay.zijinzhuangtai !='资金转移' order by pay.createtime DESC
2018-01-19 11:44:30,715 / search_data / INFO / 查询完数据
2018-01-19 11:44:30,715 / search_data / INFO / 查询完数据
2018-01-19 11:44:33,436 / search_data / INFO / 准备查询数据
2018-01-19 11:44:33,436 / search_data / INFO / 准备查询数据
2018-01-19 11:44:33,436 / search_data / INFO / 准备查询数据
2018-01-19 11:44:33,437 / search_data / INFO / SELECT u.name ,p.payname,pay.product_name,pay.createtime,pay.money ,pay.shouzhi       FROM user_info u,payment_info p, pay_info pay        WHERE u.id=pay.user_id AND p.id=pay.payment_id and u.name='张禹新'and pay.shouzhi='收入' and pay.zijinzhuangtai !='' AND pay.zijinzhuangtai !='资金转移' order by pay.createtime DESC
2018-01-19 11:44:33,437 / search_data / INFO / SELECT u.name ,p.payname,pay.product_name,pay.createtime,pay.money ,pay.shouzhi       FROM user_info u,payment_info p, pay_info pay        WHERE u.id=pay.user_id AND p.id=pay.payment_id and u.name='张禹新'and pay.shouzhi='收入' and pay.zijinzhuangtai !='' AND pay.zijinzhuangtai !='资金转移' order by pay.createtime DESC
2018-01-19 11:44:33,437 / search_data / INFO / SELECT u.name ,p.payname,pay.product_name,pay.createtime,pay.money ,pay.shouzhi       FROM user_info u,payment_info p, pay_info pay        WHERE u.id=pay.user_id AND p.id=pay.payment_id and u.name='张禹新'and pay.shouzhi='收入' and pay.zijinzhuangtai !='' AND pay.zijinzhuangtai !='资金转移' order by pay.createtime DESC
2018-01-19 11:44:33,442 / search_data / INFO / 查询完数据
2018-01-19 11:44:33,442 / search_data / INFO / 查询完数据
2018-01-19 11:44:33,442 / search_data / INFO / 查询完数据
2018-01-19 11:45:10,056 / search_data / INFO / 准备查询数据
2018-01-19 11:45:10,056 / search_data / INFO / SELECT u.name ,p.payname,pay.product_name,pay.createtime,pay.money ,pay.shouzhi       FROM user_info u,payment_info p, pay_info pay        WHERE u.id=pay.user_id AND p.id=pay.payment_id  and pay.zijinzhuangtai !='' AND pay.zijinzhuangtai !='资金转移' order by pay.createtime DESC
2018-01-19 11:45:10,150 / search_data / INFO / 查询完数据
2018-01-19 11:46:24,193 / search_data / INFO / 准备查询数据
2018-01-19 11:46:24,193 / search_data / INFO / SELECT u.name ,p.payname,pay.product_name,pay.createtime,pay.money ,pay.shouzhi       FROM user_info u,payment_info p, pay_info pay        WHERE u.id=pay.user_id AND p.id=pay.payment_id  and pay.zijinzhuangtai !='' AND pay.zijinzhuangtai !='资金转移' order by pay.createtime DESC
2018-01-19 11:46:24,285 / search_data / INFO / 查询完数据
2018-01-19 11:47:00,836 / search_data / INFO / 准备查询数据
2018-01-19 11:47:00,837 / search_data / INFO / SELECT u.name ,p.payname,pay.product_name,pay.createtime,pay.money ,pay.shouzhi       FROM user_info u,payment_info p, pay_info pay        WHERE u.id=pay.user_id AND p.id=pay.payment_id  and pay.zijinzhuangtai !='' AND pay.zijinzhuangtai !='资金转移' order by pay.createtime DESC
2018-01-19 11:47:00,928 / search_data / INFO / 查询完数据
2018-01-19 11:48:09,907 / search_data / INFO / 准备查询数据
2018-01-19 11:48:09,907 / search_data / INFO / SELECT u.name ,p.payname,pay.product_name,pay.createtime,pay.money ,pay.shouzhi       FROM user_info u,payment_info p, pay_info pay        WHERE u.id=pay.user_id AND p.id=pay.payment_id  and pay.zijinzhuangtai !='' AND pay.zijinzhuangtai !='资金转移' order by pay.createtime DESC
2018-01-19 11:48:10,384 / search_data / INFO / 查询完数据
2018-01-19 13:41:37,844 / search_data / INFO / 准备查询数据
2018-01-19 13:41:37,844 / search_data / INFO / 准备查询数据
2018-01-19 13:41:37,844 / search_data / INFO / SELECT u.name ,p.payname,pay.product_name,pay.createtime,pay.money ,pay.shouzhi       FROM user_info u,payment_info p, pay_info pay        WHERE u.id=pay.user_id AND p.id=pay.payment_id  and pay.zijinzhuangtai !='' AND pay.zijinzhuangtai !='资金转移' order by pay.createtime DESC
2018-01-19 13:41:37,844 / search_data / INFO / SELECT u.name ,p.payname,pay.product_name,pay.createtime,pay.money ,pay.shouzhi       FROM user_info u,payment_info p, pay_info pay        WHERE u.id=pay.user_id AND p.id=pay.payment_id  and pay.zijinzhuangtai !='' AND pay.zijinzhuangtai !='资金转移' order by pay.createtime DESC
2018-01-19 13:41:38,449 / search_data / INFO / 查询完数据
2018-01-19 13:41:38,449 / search_data / INFO / 查询完数据
2018-01-19 13:41:38,822 / search_data / INFO / 准备查询数据
2018-01-19 13:41:38,822 / search_data / INFO / 准备查询数据
2018-01-19 13:41:38,822 / search_data / INFO / 准备查询数据
2018-01-19 13:41:38,823 / search_data / INFO / SELECT u.name ,p.payname,pay.product_name,pay.createtime,pay.money ,pay.shouzhi       FROM user_info u,payment_info p, pay_info pay        WHERE u.id=pay.user_id AND p.id=pay.payment_id  and pay.zijinzhuangtai !='' AND pay.zijinzhuangtai !='资金转移' order by pay.createtime DESC
2018-01-19 13:41:38,823 / search_data / INFO / SELECT u.name ,p.payname,pay.product_name,pay.createtime,pay.money ,pay.shouzhi       FROM user_info u,payment_info p, pay_info pay        WHERE u.id=pay.user_id AND p.id=pay.payment_id  and pay.zijinzhuangtai !='' AND pay.zijinzhuangtai !='资金转移' order by pay.createtime DESC
2018-01-19 13:41:38,823 / search_data / INFO / SELECT u.name ,p.payname,pay.product_name,pay.createtime,pay.money ,pay.shouzhi       FROM user_info u,payment_info p, pay_info pay        WHERE u.id=pay.user_id AND p.id=pay.payment_id  and pay.zijinzhuangtai !='' AND pay.zijinzhuangtai !='资金转移' order by pay.createtime DESC
2018-01-19 13:41:38,963 / search_data / INFO / 查询完数据
2018-01-19 13:41:38,963 / search_data / INFO / 查询完数据
2018-01-19 13:41:38,963 / search_data / INFO / 查询完数据
